09:24:30: Creating resource group General
09:24:30: Creating resource group Internal
09:24:30: Creating resource group Autodetect
09:24:30: Registering ResourceManager for type Mesh
09:24:30: Registering ResourceManager for type Material
09:24:30: Registering ResourceManager for type Skeleton
09:24:30: XMLMeshSerializer reading mesh data from D:\2020sp\etgg3802\labs\my_soln_lab09\bin\Media\PlayerBullet.mesh.xml...
09:24:30: Reading geometry...
09:24:30: Geometry done...
09:24:30: Reading submeshes...
09:24:30: Submeshes done.
09:24:30: Reading mesh names...
09:24:30: Mesh names done.
09:24:30: XMLMeshSerializer import successful.
09:24:30: Reorganising vertex buffers to automatic layout...
09:24:30: MeshSerializer writing mesh data to stream ...
09:24:30: File header written.
09:24:30: Writing mesh data...
09:24:30: Writing submesh...
09:24:30: Exporting submesh texture aliases...
09:24:30: Submesh texture aliases exported.
09:24:30: Submesh exported.
09:24:30: Exporting bounds information....
09:24:30: Bounds information exported.
09:24:30: Exporting submesh name table...
09:24:30: Submesh name table exported.
09:24:30: Mesh data exported.
09:24:30: MeshSerializer export successful.
09:24:30: Unregistering ResourceManager for type Skeleton
09:24:30: Unregistering ResourceManager for type Material
09:24:30: Unregistering ResourceManager for type Mesh
