d:\schoolandprojects\programs\etgg 3802_01 realtime interactive prog 2\lab 1\ogreengine\ogreengine\tmp\debug\vc142.pdb
d:\schoolandprojects\programs\etgg 3802_01 realtime interactive prog 2\lab 1\ogreengine\ogreengine\tmp\debug\vc142.idb
d:\schoolandprojects\programs\etgg 3802_01 realtime interactive prog 2\lab 1\ogreengine\ogreengine\tmp\debug\game_object_manager.obj
d:\schoolandprojects\programs\etgg 3802_01 realtime interactive prog 2\lab 1\ogreengine\ogreengine\tmp\debug\application.obj
d:\schoolandprojects\programs\etgg 3802_01 realtime interactive prog 2\lab 1\ogreengine\ogreengine\tmp\debug\script_manager.obj
d:\schoolandprojects\programs\etgg 3802_01 realtime interactive prog 2\lab 1\ogreengine\ogreengine\tmp\debug\main.obj
d:\schoolandprojects\programs\etgg 3802_01 realtime interactive prog 2\lab 1\ogreengine\ogreengine\tmp\debug\log_manager.obj
d:\schoolandprojects\programs\etgg 3802_01 realtime interactive prog 2\lab 1\ogreengine\ogreengine\tmp\debug\game_object.obj
d:\schoolandprojects\programs\etgg 3802_01 realtime interactive prog 2\lab 1\ogreengine\ogreengine\tmp\debug\component_mesh.obj
d:\schoolandprojects\programs\etgg 3802_01 realtime interactive prog 2\lab 1\ogreengine\ogreengine\tmp\debug\component_light.obj
d:\schoolandprojects\programs\etgg 3802_01 realtime interactive prog 2\lab 1\ogreengine\ogreengine\tmp\debug\component_camera.obj
d:\schoolandprojects\programs\etgg 3802_01 realtime interactive prog 2\ogreengine\ogreengine\tmp\debug\vc142.pdb
d:\schoolandprojects\programs\etgg 3802_01 realtime interactive prog 2\ogreengine\ogreengine\tmp\debug\vc142.idb
d:\schoolandprojects\programs\etgg 3802_01 realtime interactive prog 2\ogreengine\ogreengine\tmp\debug\script_manager.obj
d:\schoolandprojects\programs\etgg 3802_01 realtime interactive prog 2\ogreengine\ogreengine\tmp\debug\script_functions.obj
d:\schoolandprojects\programs\etgg 3802_01 realtime interactive prog 2\ogreengine\ogreengine\tmp\debug\main.obj
d:\schoolandprojects\programs\etgg 3802_01 realtime interactive prog 2\ogreengine\ogreengine\tmp\debug\log_manager.obj
d:\schoolandprojects\programs\etgg 3802_01 realtime interactive prog 2\ogreengine\ogreengine\tmp\debug\game_object_manager.obj
d:\schoolandprojects\programs\etgg 3802_01 realtime interactive prog 2\ogreengine\ogreengine\tmp\debug\game_object.obj
d:\schoolandprojects\programs\etgg 3802_01 realtime interactive prog 2\ogreengine\ogreengine\tmp\debug\component_mesh.obj
d:\schoolandprojects\programs\etgg 3802_01 realtime interactive prog 2\ogreengine\ogreengine\tmp\debug\component_light.obj
d:\schoolandprojects\programs\etgg 3802_01 realtime interactive prog 2\ogreengine\ogreengine\tmp\debug\component_camera.obj
d:\schoolandprojects\programs\etgg 3802_01 realtime interactive prog 2\ogreengine\ogreengine\tmp\debug\application.obj
d:\schoolandprojects\programs\etgg 3802_01 realtime interactive prog 2\lab 1\ogreengine\ogreengine\bin\debug\ogreengine.exe
d:\schoolandprojects\programs\etgg 3802_01 realtime interactive prog 2\lab 1\ogreengine\ogreengine\bin\debug\ogreengine.ilk
d:\schoolandprojects\programs\etgg 3802_01 realtime interactive prog 2\lab 1\ogreengine\ogreengine\bin\debug\ogreengine.pdb
d:\schoolandprojects\programs\etgg 3802_01 realtime interactive prog 2\ogreengine\ogreengine\tmp\debug\singleton.obj
d:\schoolandprojects\programs\etgg 3802_01 realtime interactive prog 2\ogreengine\ogreengine\bin\debug\ogreengine.pdb
d:\schoolandprojects\programs\etgg 3802_01 realtime interactive prog 2\ogreengine\ogreengine\tmp\debug\ogreengine.tlog\cl.command.1.tlog
d:\schoolandprojects\programs\etgg 3802_01 realtime interactive prog 2\ogreengine\ogreengine\tmp\debug\ogreengine.tlog\cl.read.1.tlog
d:\schoolandprojects\programs\etgg 3802_01 realtime interactive prog 2\ogreengine\ogreengine\tmp\debug\ogreengine.tlog\cl.write.1.tlog
d:\schoolandprojects\programs\etgg 3802_01 realtime interactive prog 2\ogreengine\ogreengine\tmp\debug\ogreengine.tlog\link-cvtres.read.1.tlog
d:\schoolandprojects\programs\etgg 3802_01 realtime interactive prog 2\ogreengine\ogreengine\tmp\debug\ogreengine.tlog\link-cvtres.write.1.tlog
d:\schoolandprojects\programs\etgg 3802_01 realtime interactive prog 2\ogreengine\ogreengine\tmp\debug\ogreengine.tlog\link-rc.read.1.tlog
d:\schoolandprojects\programs\etgg 3802_01 realtime interactive prog 2\ogreengine\ogreengine\tmp\debug\ogreengine.tlog\link-rc.write.1.tlog
d:\schoolandprojects\programs\etgg 3802_01 realtime interactive prog 2\ogreengine\ogreengine\tmp\debug\ogreengine.tlog\link.command.1.tlog
d:\schoolandprojects\programs\etgg 3802_01 realtime interactive prog 2\ogreengine\ogreengine\tmp\debug\ogreengine.tlog\link.read.1.tlog
d:\schoolandprojects\programs\etgg 3802_01 realtime interactive prog 2\ogreengine\ogreengine\tmp\debug\ogreengine.tlog\link.write.1.tlog
