  game_object_manager.cpp
D:\School\Programs\ETGG 3802_01 Realtime Interactive Prog 2\OgreEngine\OgreEngine\include\component_camera.h(50,130): warning C4244: 'argument': conversion from 'int' to 'float', possible loss of data
D:\School\Programs\ETGG 3802_01 Realtime Interactive Prog 2\OgreEngine\OgreEngine\include\component_camera.h(50,108): warning C4244: 'argument': conversion from 'int' to 'float', possible loss of data
D:\School\Programs\ETGG 3802_01 Realtime Interactive Prog 2\OgreEngine\OgreEngine\src\game_object_manager.cpp(9,51): warning C4356: 'OgreEngine::Singleton<OgreEngine::GameObjectManager>::msSingleton': static data member cannot be initialized via derived class
D:\School\Programs\ETGG 3802_01 Realtime Interactive Prog 2\OgreEngine\OgreEngine\src\game_object_manager.cpp(216,79): warning C4244: 'argument': conversion from 'double' to 'T', possible loss of data
          with
          [
              T=Ogre::Real
          ]
D:\School\Programs\ETGG 3802_01 Realtime Interactive Prog 2\OgreEngine\OgreEngine\src\game_object_manager.cpp(216,52): warning C4244: 'argument': conversion from 'double' to 'T', possible loss of data
          with
          [
              T=Ogre::Real
          ]
D:\School\Programs\ETGG 3802_01 Realtime Interactive Prog 2\OgreEngine\OgreEngine\src\game_object_manager.cpp(216,25): warning C4244: 'argument': conversion from 'double' to 'T', possible loss of data
          with
          [
              T=Ogre::Real
          ]
D:\School\Programs\ETGG 3802_01 Realtime Interactive Prog 2\OgreEngine\OgreEngine\src\game_object_manager.cpp(218,87): warning C4244: 'argument': conversion from 'double' to 'T', possible loss of data
          with
          [
              T=Ogre::Real
          ]
D:\School\Programs\ETGG 3802_01 Realtime Interactive Prog 2\OgreEngine\OgreEngine\src\game_object_manager.cpp(673,41): warning C4305: 'argument': truncation from 'double' to 'float'
D:\School\Programs\ETGG 3802_01 Realtime Interactive Prog 2\OgreEngine\OgreEngine\src\game_object_manager.cpp(674,42): warning C4305: 'argument': truncation from 'double' to 'float'
D:\School\Programs\ETGG 3802_01 Realtime Interactive Prog 2\OgreEngine\OgreEngine\src\game_object_manager.cpp(681,40): warning C4305: 'argument': truncation from 'double' to 'float'
D:\School\Programs\ETGG 3802_01 Realtime Interactive Prog 2\OgreEngine\OgreEngine\src\game_object_manager.cpp(682,41): warning C4305: 'argument': truncation from 'double' to 'float'
D:\School\Programs\ETGG 3802_01 Realtime Interactive Prog 2\OgreEngine\OgreEngine\src\game_object_manager.cpp(688,42): warning C4305: 'argument': truncation from 'double' to 'float'
D:\School\Programs\ETGG 3802_01 Realtime Interactive Prog 2\OgreEngine\OgreEngine\src\game_object_manager.cpp(689,43): warning C4305: 'argument': truncation from 'double' to 'float'
D:\School\Programs\ETGG 3802_01 Realtime Interactive Prog 2\OgreEngine\OgreEngine\src\game_object_manager.cpp(719,43): warning C4305: 'argument': truncation from 'double' to 'T'
          with
          [
              T=Ogre::Real
          ]
     Creating library D:\School\Programs\ETGG 3802_01 Realtime Interactive Prog 2\OgreEngine\OgreEngine\bin\Release\OgreEngine.lib and object D:\School\Programs\ETGG 3802_01 Realtime Interactive Prog 2\OgreEngine\OgreEngine\bin\Release\OgreEngine.exp
  Generating code
  0 of 4251 functions ( 0.0%) were compiled, the rest were copied from previous compilation.
    0 functions were new in current compilation
    0 functions had inline decision re-evaluated but remain unchanged
  Finished generating code
  OgreEngine.vcxproj -> D:\School\Programs\ETGG 3802_01 Realtime Interactive Prog 2\OgreEngine\OgreEngine\bin\Release\OgreEngine.exe
