10:38:58: Creating resource group General
10:38:58: Creating resource group Internal
10:38:58: Creating resource group Autodetect
10:38:58: Registering ResourceManager for type Mesh
10:38:58: Registering ResourceManager for type Material
10:38:58: Registering ResourceManager for type Skeleton
10:38:58: XMLMeshSerializer reading mesh data from D:\2020sp\etgg3802\labs\my_soln_current\my_soln\bin\Media\invader_media\Ship.mesh.xml...
10:38:58: Reading geometry...
10:38:58: Geometry done...
10:38:58: Reading submeshes...
10:38:58: Submeshes done.
10:38:58: Reading mesh names...
10:38:58: Mesh names done.
10:38:58: XMLMeshSerializer import successful.
10:38:58: MeshSerializer writing mesh data to stream ...
10:38:58: File header written.
10:38:58: Writing mesh data...
10:38:58: Writing submesh...
10:38:58: Exporting submesh texture aliases...
10:38:58: Submesh texture aliases exported.
10:38:58: Submesh exported.
10:38:58: Exporting bounds information....
10:38:58: Bounds information exported.
10:38:58: Exporting submesh name table...
10:38:58: Submesh name table exported.
10:38:58: Mesh data exported.
10:38:58: MeshSerializer export successful.
10:38:58: Unregistering ResourceManager for type Skeleton
10:38:58: Unregistering ResourceManager for type Material
10:38:58: Unregistering ResourceManager for type Mesh
