12:43:18: Edge Data
12:43:18: ---------
12:43:18: Triangle 0 = {indexSet=0, vertexSet=0, v0=0, v1=1, v2=2}
12:43:18: Triangle 1 = {indexSet=0, vertexSet=0, v0=3, v1=4, v2=5}
12:43:18: Triangle 2 = {indexSet=0, vertexSet=0, v0=6, v1=7, v2=8}
12:43:18: Triangle 3 = {indexSet=0, vertexSet=0, v0=9, v1=10, v2=11}
12:43:18: Triangle 4 = {indexSet=0, vertexSet=0, v0=12, v1=13, v2=14}
12:43:18: Triangle 5 = {indexSet=0, vertexSet=0, v0=15, v1=16, v2=17}
12:43:18: Triangle 6 = {indexSet=0, vertexSet=0, v0=18, v1=19, v2=20}
12:43:18: Triangle 7 = {indexSet=0, vertexSet=0, v0=21, v1=22, v2=23}
12:43:18: Triangle 8 = {indexSet=0, vertexSet=0, v0=24, v1=25, v2=26}
12:43:18: Triangle 9 = {indexSet=0, vertexSet=0, v0=27, v1=28, v2=29}
12:43:18: Triangle 10 = {indexSet=0, vertexSet=0, v0=30, v1=31, v2=32}
12:43:18: Triangle 11 = {indexSet=0, vertexSet=0, v0=33, v1=34, v2=35}
12:43:18: Triangle 12 = {indexSet=0, vertexSet=0, v0=36, v1=37, v2=38}
12:43:18: Triangle 13 = {indexSet=0, vertexSet=0, v0=39, v1=40, v2=41}
12:43:18: Triangle 14 = {indexSet=0, vertexSet=0, v0=42, v1=43, v2=44}
12:43:18: Triangle 15 = {indexSet=0, vertexSet=0, v0=45, v1=46, v2=47}
12:43:18: Triangle 16 = {indexSet=0, vertexSet=0, v0=48, v1=49, v2=50}
12:43:18: Triangle 17 = {indexSet=0, vertexSet=0, v0=51, v1=52, v2=53}
12:43:18: Triangle 18 = {indexSet=0, vertexSet=0, v0=54, v1=55, v2=56}
12:43:18: Triangle 19 = {indexSet=0, vertexSet=0, v0=57, v1=58, v2=59}
12:43:18: Triangle 20 = {indexSet=0, vertexSet=0, v0=60, v1=61, v2=62}
12:43:18: Triangle 21 = {indexSet=0, vertexSet=0, v0=63, v1=64, v2=65}
12:43:18: Triangle 22 = {indexSet=0, vertexSet=0, v0=66, v1=67, v2=68}
12:43:18: Triangle 23 = {indexSet=0, vertexSet=0, v0=69, v1=70, v2=71}
12:43:18: Triangle 24 = {indexSet=0, vertexSet=0, v0=72, v1=73, v2=74}
12:43:18: Triangle 25 = {indexSet=0, vertexSet=0, v0=75, v1=76, v2=77}
12:43:18: Triangle 26 = {indexSet=0, vertexSet=0, v0=78, v1=79, v2=80}
12:43:18: Triangle 27 = {indexSet=0, vertexSet=0, v0=81, v1=82, v2=83}
12:43:18: Triangle 28 = {indexSet=0, vertexSet=0, v0=84, v1=85, v2=86}
12:43:18: Triangle 29 = {indexSet=0, vertexSet=0, v0=87, v1=88, v2=89}
12:43:18: Triangle 30 = {indexSet=0, vertexSet=0, v0=90, v1=91, v2=92}
12:43:18: Triangle 31 = {indexSet=0, vertexSet=0, v0=93, v1=94, v2=95}
12:43:18: Triangle 32 = {indexSet=0, vertexSet=0, v0=96, v1=97, v2=98}
12:43:18: Triangle 33 = {indexSet=0, vertexSet=0, v0=99, v1=100, v2=101}
12:43:18: Triangle 34 = {indexSet=0, vertexSet=0, v0=102, v1=103, v2=104}
12:43:18: Triangle 35 = {indexSet=0, vertexSet=0, v0=105, v1=106, v2=107}
12:43:18: Triangle 36 = {indexSet=0, vertexSet=0, v0=108, v1=109, v2=110}
12:43:18: Triangle 37 = {indexSet=0, vertexSet=0, v0=111, v1=112, v2=113}
12:43:18: Triangle 38 = {indexSet=0, vertexSet=0, v0=114, v1=115, v2=116}
12:43:18: Triangle 39 = {indexSet=0, vertexSet=0, v0=117, v1=118, v2=119}
12:43:18: Triangle 40 = {indexSet=0, vertexSet=0, v0=120, v1=121, v2=122}
12:43:18: Triangle 41 = {indexSet=0, vertexSet=0, v0=123, v1=124, v2=125}
12:43:18: Triangle 42 = {indexSet=0, vertexSet=0, v0=126, v1=127, v2=128}
12:43:18: Triangle 43 = {indexSet=0, vertexSet=0, v0=129, v1=130, v2=131}
12:43:18: Triangle 44 = {indexSet=0, vertexSet=0, v0=132, v1=133, v2=134}
12:43:18: Triangle 45 = {indexSet=0, vertexSet=0, v0=135, v1=136, v2=137}
12:43:18: Triangle 46 = {indexSet=0, vertexSet=0, v0=138, v1=139, v2=140}
12:43:18: Triangle 47 = {indexSet=0, vertexSet=0, v0=141, v1=142, v2=143}
12:43:18: Triangle 48 = {indexSet=0, vertexSet=0, v0=144, v1=145, v2=146}
12:43:18: Triangle 49 = {indexSet=0, vertexSet=0, v0=147, v1=148, v2=149}
12:43:18: Triangle 50 = {indexSet=0, vertexSet=0, v0=150, v1=151, v2=152}
12:43:18: Triangle 51 = {indexSet=0, vertexSet=0, v0=153, v1=154, v2=155}
12:43:18: Triangle 52 = {indexSet=0, vertexSet=0, v0=156, v1=157, v2=158}
12:43:18: Triangle 53 = {indexSet=0, vertexSet=0, v0=159, v1=160, v2=161}
12:43:18: Triangle 54 = {indexSet=0, vertexSet=0, v0=162, v1=163, v2=164}
12:43:18: Triangle 55 = {indexSet=0, vertexSet=0, v0=165, v1=166, v2=167}
12:43:18: Triangle 56 = {indexSet=0, vertexSet=0, v0=168, v1=169, v2=170}
12:43:18: Triangle 57 = {indexSet=0, vertexSet=0, v0=171, v1=172, v2=173}
12:43:18: Triangle 58 = {indexSet=0, vertexSet=0, v0=174, v1=175, v2=176}
12:43:18: Triangle 59 = {indexSet=0, vertexSet=0, v0=177, v1=178, v2=179}
12:43:18: Triangle 60 = {indexSet=0, vertexSet=0, v0=180, v1=181, v2=182}
12:43:18: Triangle 61 = {indexSet=0, vertexSet=0, v0=183, v1=184, v2=185}
12:43:18: Triangle 62 = {indexSet=0, vertexSet=0, v0=186, v1=187, v2=188}
12:43:18: Triangle 63 = {indexSet=0, vertexSet=0, v0=189, v1=190, v2=191}
12:43:18: Triangle 64 = {indexSet=0, vertexSet=0, v0=192, v1=193, v2=194}
12:43:18: Triangle 65 = {indexSet=0, vertexSet=0, v0=195, v1=196, v2=197}
12:43:18: Triangle 66 = {indexSet=0, vertexSet=0, v0=198, v1=199, v2=200}
12:43:18: Triangle 67 = {indexSet=0, vertexSet=0, v0=201, v1=202, v2=203}
12:43:18: Triangle 68 = {indexSet=0, vertexSet=0, v0=204, v1=205, v2=206}
12:43:18: Triangle 69 = {indexSet=0, vertexSet=0, v0=207, v1=208, v2=209}
12:43:18: Triangle 70 = {indexSet=0, vertexSet=0, v0=210, v1=211, v2=212}
12:43:18: Triangle 71 = {indexSet=0, vertexSet=0, v0=213, v1=214, v2=215}
12:43:18: Triangle 72 = {indexSet=0, vertexSet=0, v0=216, v1=217, v2=218}
12:43:18: Triangle 73 = {indexSet=0, vertexSet=0, v0=219, v1=220, v2=221}
12:43:18: Triangle 74 = {indexSet=0, vertexSet=0, v0=222, v1=223, v2=224}
12:43:18: Triangle 75 = {indexSet=0, vertexSet=0, v0=225, v1=226, v2=227}
12:43:18: Triangle 76 = {indexSet=0, vertexSet=0, v0=228, v1=229, v2=230}
12:43:18: Triangle 77 = {indexSet=0, vertexSet=0, v0=231, v1=232, v2=233}
12:43:18: Triangle 78 = {indexSet=0, vertexSet=0, v0=234, v1=235, v2=236}
12:43:18: Triangle 79 = {indexSet=0, vertexSet=0, v0=237, v1=238, v2=239}
12:43:18: Edge Group vertexSet=0
12:43:18: Edge 0 = {
  tri0=0, 
  tri1=76, 
  v0=0, 
  v1=1, 
  degenerate=false 
}
12:43:18: Edge 1 = {
  tri0=0, 
  tri1=78, 
  v0=1, 
  v1=2, 
  degenerate=false 
}
12:43:18: Edge 2 = {
  tri0=0, 
  tri1=2, 
  v0=2, 
  v1=0, 
  degenerate=false 
}
12:43:18: Edge 3 = {
  tri0=1, 
  tri1=79, 
  v0=3, 
  v1=4, 
  degenerate=false 
}
12:43:18: Edge 4 = {
  tri0=1, 
  tri1=75, 
  v0=4, 
  v1=5, 
  degenerate=false 
}
12:43:18: Edge 5 = {
  tri0=1, 
  tri1=5, 
  v0=5, 
  v1=3, 
  degenerate=false 
}
12:43:18: Edge 6 = {
  tri0=2, 
  tri1=72, 
  v0=7, 
  v1=8, 
  degenerate=false 
}
12:43:18: Edge 7 = {
  tri0=2, 
  tri1=3, 
  v0=8, 
  v1=6, 
  degenerate=false 
}
12:43:18: Edge 8 = {
  tri0=3, 
  tri1=69, 
  v0=10, 
  v1=11, 
  degenerate=false 
}
12:43:18: Edge 9 = {
  tri0=3, 
  tri1=4, 
  v0=11, 
  v1=9, 
  degenerate=false 
}
12:43:18: Edge 10 = {
  tri0=4, 
  tri1=66, 
  v0=13, 
  v1=14, 
  degenerate=false 
}
12:43:18: Edge 11 = {
  tri0=4, 
  tri1=76, 
  v0=14, 
  v1=12, 
  degenerate=false 
}
12:43:18: Edge 12 = {
  tri0=5, 
  tri1=63, 
  v0=16, 
  v1=17, 
  degenerate=false 
}
12:43:18: Edge 13 = {
  tri0=5, 
  tri1=10, 
  v0=17, 
  v1=15, 
  degenerate=false 
}
12:43:18: Edge 14 = {
  tri0=6, 
  tri1=77, 
  v0=18, 
  v1=19, 
  degenerate=false 
}
12:43:18: Edge 15 = {
  tri0=6, 
  tri1=60, 
  v0=19, 
  v1=20, 
  degenerate=false 
}
12:43:18: Edge 16 = {
  tri0=6, 
  tri1=11, 
  v0=20, 
  v1=18, 
  degenerate=false 
}
12:43:18: Edge 17 = {
  tri0=7, 
  tri1=71, 
  v0=21, 
  v1=22, 
  degenerate=false 
}
12:43:18: Edge 18 = {
  tri0=7, 
  tri1=57, 
  v0=22, 
  v1=23, 
  degenerate=false 
}
12:43:18: Edge 19 = {
  tri0=7, 
  tri1=12, 
  v0=23, 
  v1=21, 
  degenerate=false 
}
12:43:18: Edge 20 = {
  tri0=8, 
  tri1=68, 
  v0=24, 
  v1=25, 
  degenerate=false 
}
12:43:18: Edge 21 = {
  tri0=8, 
  tri1=54, 
  v0=25, 
  v1=26, 
  degenerate=false 
}
12:43:18: Edge 22 = {
  tri0=8, 
  tri1=13, 
  v0=26, 
  v1=24, 
  degenerate=false 
}
12:43:18: Edge 23 = {
  tri0=9, 
  tri1=65, 
  v0=27, 
  v1=28, 
  degenerate=false 
}
12:43:18: Edge 24 = {
  tri0=9, 
  tri1=51, 
  v0=28, 
  v1=29, 
  degenerate=false 
}
12:43:18: Edge 25 = {
  tri0=9, 
  tri1=14, 
  v0=29, 
  v1=27, 
  degenerate=false 
}
12:43:18: Edge 26 = {
  tri0=10, 
  tri1=48, 
  v0=31, 
  v1=32, 
  degenerate=false 
}
12:43:18: Edge 27 = {
  tri0=10, 
  tri1=61, 
  v0=32, 
  v1=30, 
  degenerate=false 
}
12:43:18: Edge 28 = {
  tri0=11, 
  tri1=45, 
  v0=34, 
  v1=35, 
  degenerate=false 
}
12:43:18: Edge 29 = {
  tri0=11, 
  tri1=58, 
  v0=35, 
  v1=33, 
  degenerate=false 
}
12:43:18: Edge 30 = {
  tri0=12, 
  tri1=42, 
  v0=37, 
  v1=38, 
  degenerate=false 
}
12:43:18: Edge 31 = {
  tri0=12, 
  tri1=55, 
  v0=38, 
  v1=36, 
  degenerate=false 
}
12:43:18: Edge 32 = {
  tri0=13, 
  tri1=39, 
  v0=40, 
  v1=41, 
  degenerate=false 
}
12:43:18: Edge 33 = {
  tri0=13, 
  tri1=52, 
  v0=41, 
  v1=39, 
  degenerate=false 
}
12:43:18: Edge 34 = {
  tri0=14, 
  tri1=36, 
  v0=43, 
  v1=44, 
  degenerate=false 
}
12:43:18: Edge 35 = {
  tri0=14, 
  tri1=64, 
  v0=44, 
  v1=42, 
  degenerate=false 
}
12:43:18: Edge 36 = {
  tri0=15, 
  tri1=47, 
  v0=45, 
  v1=46, 
  degenerate=false 
}
12:43:18: Edge 37 = {
  tri0=15, 
  tri1=33, 
  v0=46, 
  v1=47, 
  degenerate=false 
}
12:43:18: Edge 38 = {
  tri0=15, 
  tri1=31, 
  v0=47, 
  v1=45, 
  degenerate=false 
}
12:43:18: Edge 39 = {
  tri0=16, 
  tri1=44, 
  v0=48, 
  v1=49, 
  degenerate=false 
}
12:43:18: Edge 40 = {
  tri0=16, 
  tri1=30, 
  v0=49, 
  v1=50, 
  degenerate=false 
}
12:43:18: Edge 41 = {
  tri0=16, 
  tri1=28, 
  v0=50, 
  v1=48, 
  degenerate=false 
}
12:43:18: Edge 42 = {
  tri0=17, 
  tri1=41, 
  v0=51, 
  v1=52, 
  degenerate=false 
}
12:43:18: Edge 43 = {
  tri0=17, 
  tri1=27, 
  v0=52, 
  v1=53, 
  degenerate=false 
}
12:43:18: Edge 44 = {
  tri0=17, 
  tri1=25, 
  v0=53, 
  v1=51, 
  degenerate=false 
}
12:43:18: Edge 45 = {
  tri0=18, 
  tri1=38, 
  v0=54, 
  v1=55, 
  degenerate=false 
}
12:43:18: Edge 46 = {
  tri0=18, 
  tri1=24, 
  v0=55, 
  v1=56, 
  degenerate=false 
}
12:43:18: Edge 47 = {
  tri0=18, 
  tri1=22, 
  v0=56, 
  v1=54, 
  degenerate=false 
}
12:43:18: Edge 48 = {
  tri0=19, 
  tri1=35, 
  v0=57, 
  v1=58, 
  degenerate=false 
}
12:43:18: Edge 49 = {
  tri0=19, 
  tri1=21, 
  v0=58, 
  v1=59, 
  degenerate=false 
}
12:43:18: Edge 50 = {
  tri0=19, 
  tri1=34, 
  v0=59, 
  v1=57, 
  degenerate=false 
}
12:43:18: Edge 51 = {
  tri0=20, 
  tri1=21, 
  v0=60, 
  v1=61, 
  degenerate=false 
}
12:43:18: Edge 52 = {
  tri0=20, 
  tri1=23, 
  v0=61, 
  v1=62, 
  degenerate=false 
}
12:43:18: Edge 53 = {
  tri0=20, 
  tri1=32, 
  v0=62, 
  v1=60, 
  degenerate=false 
}
12:43:18: Edge 54 = {
  tri0=21, 
  tri1=22, 
  v0=64, 
  v1=65, 
  degenerate=false 
}
12:43:18: Edge 55 = {
  tri0=22, 
  tri1=37, 
  v0=66, 
  v1=67, 
  degenerate=false 
}
12:43:18: Edge 56 = {
  tri0=23, 
  tri1=24, 
  v0=69, 
  v1=70, 
  degenerate=false 
}
12:43:18: Edge 57 = {
  tri0=23, 
  tri1=26, 
  v0=70, 
  v1=71, 
  degenerate=false 
}
12:43:18: Edge 58 = {
  tri0=24, 
  tri1=25, 
  v0=73, 
  v1=74, 
  degenerate=false 
}
12:43:18: Edge 59 = {
  tri0=25, 
  tri1=40, 
  v0=75, 
  v1=76, 
  degenerate=false 
}
12:43:18: Edge 60 = {
  tri0=26, 
  tri1=27, 
  v0=78, 
  v1=79, 
  degenerate=false 
}
12:43:18: Edge 61 = {
  tri0=26, 
  tri1=29, 
  v0=79, 
  v1=80, 
  degenerate=false 
}
12:43:18: Edge 62 = {
  tri0=27, 
  tri1=28, 
  v0=82, 
  v1=83, 
  degenerate=false 
}
12:43:18: Edge 63 = {
  tri0=28, 
  tri1=43, 
  v0=84, 
  v1=85, 
  degenerate=false 
}
12:43:18: Edge 64 = {
  tri0=29, 
  tri1=30, 
  v0=87, 
  v1=88, 
  degenerate=false 
}
12:43:18: Edge 65 = {
  tri0=29, 
  tri1=32, 
  v0=88, 
  v1=89, 
  degenerate=false 
}
12:43:18: Edge 66 = {
  tri0=30, 
  tri1=31, 
  v0=91, 
  v1=92, 
  degenerate=false 
}
12:43:18: Edge 67 = {
  tri0=31, 
  tri1=46, 
  v0=93, 
  v1=94, 
  degenerate=false 
}
12:43:18: Edge 68 = {
  tri0=32, 
  tri1=33, 
  v0=96, 
  v1=97, 
  degenerate=false 
}
12:43:18: Edge 69 = {
  tri0=33, 
  tri1=34, 
  v0=100, 
  v1=101, 
  degenerate=false 
}
12:43:18: Edge 70 = {
  tri0=34, 
  tri1=49, 
  v0=102, 
  v1=103, 
  degenerate=false 
}
12:43:18: Edge 71 = {
  tri0=35, 
  tri1=36, 
  v0=105, 
  v1=106, 
  degenerate=false 
}
12:43:18: Edge 72 = {
  tri0=35, 
  tri1=62, 
  v0=107, 
  v1=105, 
  degenerate=false 
}
12:43:18: Edge 73 = {
  tri0=36, 
  tri1=37, 
  v0=109, 
  v1=110, 
  degenerate=false 
}
12:43:18: Edge 74 = {
  tri0=37, 
  tri1=50, 
  v0=111, 
  v1=112, 
  degenerate=false 
}
12:43:18: Edge 75 = {
  tri0=38, 
  tri1=39, 
  v0=114, 
  v1=115, 
  degenerate=false 
}
12:43:18: Edge 76 = {
  tri0=38, 
  tri1=50, 
  v0=116, 
  v1=114, 
  degenerate=false 
}
12:43:18: Edge 77 = {
  tri0=39, 
  tri1=40, 
  v0=118, 
  v1=119, 
  degenerate=false 
}
12:43:18: Edge 78 = {
  tri0=40, 
  tri1=53, 
  v0=120, 
  v1=121, 
  degenerate=false 
}
12:43:18: Edge 79 = {
  tri0=41, 
  tri1=42, 
  v0=123, 
  v1=124, 
  degenerate=false 
}
12:43:18: Edge 80 = {
  tri0=41, 
  tri1=53, 
  v0=125, 
  v1=123, 
  degenerate=false 
}
12:43:18: Edge 81 = {
  tri0=42, 
  tri1=43, 
  v0=127, 
  v1=128, 
  degenerate=false 
}
12:43:18: Edge 82 = {
  tri0=43, 
  tri1=56, 
  v0=129, 
  v1=130, 
  degenerate=false 
}
12:43:18: Edge 83 = {
  tri0=44, 
  tri1=45, 
  v0=132, 
  v1=133, 
  degenerate=false 
}
12:43:18: Edge 84 = {
  tri0=44, 
  tri1=56, 
  v0=134, 
  v1=132, 
  degenerate=false 
}
12:43:18: Edge 85 = {
  tri0=45, 
  tri1=46, 
  v0=136, 
  v1=137, 
  degenerate=false 
}
12:43:18: Edge 86 = {
  tri0=46, 
  tri1=59, 
  v0=138, 
  v1=139, 
  degenerate=false 
}
12:43:18: Edge 87 = {
  tri0=47, 
  tri1=48, 
  v0=141, 
  v1=142, 
  degenerate=false 
}
12:43:18: Edge 88 = {
  tri0=47, 
  tri1=59, 
  v0=143, 
  v1=141, 
  degenerate=false 
}
12:43:18: Edge 89 = {
  tri0=48, 
  tri1=49, 
  v0=145, 
  v1=146, 
  degenerate=false 
}
12:43:18: Edge 90 = {
  tri0=49, 
  tri1=62, 
  v0=147, 
  v1=148, 
  degenerate=false 
}
12:43:18: Edge 91 = {
  tri0=50, 
  tri1=51, 
  v0=150, 
  v1=151, 
  degenerate=false 
}
12:43:18: Edge 92 = {
  tri0=51, 
  tri1=52, 
  v0=154, 
  v1=155, 
  degenerate=false 
}
12:43:18: Edge 93 = {
  tri0=52, 
  tri1=67, 
  v0=156, 
  v1=157, 
  degenerate=false 
}
12:43:18: Edge 94 = {
  tri0=53, 
  tri1=54, 
  v0=159, 
  v1=160, 
  degenerate=false 
}
12:43:18: Edge 95 = {
  tri0=54, 
  tri1=55, 
  v0=163, 
  v1=164, 
  degenerate=false 
}
12:43:18: Edge 96 = {
  tri0=55, 
  tri1=70, 
  v0=165, 
  v1=166, 
  degenerate=false 
}
12:43:18: Edge 97 = {
  tri0=56, 
  tri1=57, 
  v0=168, 
  v1=169, 
  degenerate=false 
}
12:43:18: Edge 98 = {
  tri0=57, 
  tri1=58, 
  v0=172, 
  v1=173, 
  degenerate=false 
}
12:43:18: Edge 99 = {
  tri0=58, 
  tri1=73, 
  v0=174, 
  v1=175, 
  degenerate=false 
}
12:43:18: Edge 100 = {
  tri0=59, 
  tri1=60, 
  v0=177, 
  v1=178, 
  degenerate=false 
}
12:43:18: Edge 101 = {
  tri0=60, 
  tri1=61, 
  v0=181, 
  v1=182, 
  degenerate=false 
}
12:43:18: Edge 102 = {
  tri0=61, 
  tri1=79, 
  v0=183, 
  v1=184, 
  degenerate=false 
}
12:43:18: Edge 103 = {
  tri0=62, 
  tri1=63, 
  v0=186, 
  v1=187, 
  degenerate=false 
}
12:43:18: Edge 104 = {
  tri0=63, 
  tri1=64, 
  v0=190, 
  v1=191, 
  degenerate=false 
}
12:43:18: Edge 105 = {
  tri0=64, 
  tri1=74, 
  v0=192, 
  v1=193, 
  degenerate=false 
}
12:43:18: Edge 106 = {
  tri0=65, 
  tri1=66, 
  v0=195, 
  v1=196, 
  degenerate=false 
}
12:43:18: Edge 107 = {
  tri0=65, 
  tri1=74, 
  v0=197, 
  v1=195, 
  degenerate=false 
}
12:43:18: Edge 108 = {
  tri0=66, 
  tri1=67, 
  v0=199, 
  v1=200, 
  degenerate=false 
}
12:43:18: Edge 109 = {
  tri0=67, 
  tri1=68, 
  v0=201, 
  v1=202, 
  degenerate=false 
}
12:43:18: Edge 110 = {
  tri0=68, 
  tri1=69, 
  v0=204, 
  v1=205, 
  degenerate=false 
}
12:43:18: Edge 111 = {
  tri0=69, 
  tri1=70, 
  v0=208, 
  v1=209, 
  degenerate=false 
}
12:43:18: Edge 112 = {
  tri0=70, 
  tri1=71, 
  v0=210, 
  v1=211, 
  degenerate=false 
}
12:43:18: Edge 113 = {
  tri0=71, 
  tri1=72, 
  v0=213, 
  v1=214, 
  degenerate=false 
}
12:43:18: Edge 114 = {
  tri0=72, 
  tri1=73, 
  v0=217, 
  v1=218, 
  degenerate=false 
}
12:43:18: Edge 115 = {
  tri0=73, 
  tri1=77, 
  v0=219, 
  v1=220, 
  degenerate=false 
}
12:43:18: Edge 116 = {
  tri0=74, 
  tri1=75, 
  v0=222, 
  v1=223, 
  degenerate=false 
}
12:43:18: Edge 117 = {
  tri0=75, 
  tri1=76, 
  v0=226, 
  v1=227, 
  degenerate=false 
}
12:43:18: Edge 118 = {
  tri0=77, 
  tri1=78, 
  v0=231, 
  v1=232, 
  degenerate=false 
}
12:43:18: Edge 119 = {
  tri0=78, 
  tri1=79, 
  v0=235, 
  v1=236, 
  degenerate=false 
}
