12:43:17: Edge Data
12:43:17: ---------
12:43:17: Triangle 0 = {indexSet=0, vertexSet=0, v0=0, v1=1, v2=2}
12:43:17: Triangle 1 = {indexSet=0, vertexSet=0, v0=0, v1=2, v2=3}
12:43:17: Triangle 2 = {indexSet=0, vertexSet=0, v0=4, v1=5, v2=6}
12:43:17: Triangle 3 = {indexSet=0, vertexSet=0, v0=7, v1=8, v2=9}
12:43:17: Triangle 4 = {indexSet=0, vertexSet=0, v0=7, v1=9, v2=10}
12:43:17: Triangle 5 = {indexSet=0, vertexSet=0, v0=11, v1=12, v2=13}
12:43:17: Triangle 6 = {indexSet=0, vertexSet=0, v0=11, v1=13, v2=14}
12:43:17: Triangle 7 = {indexSet=0, vertexSet=0, v0=15, v1=16, v2=17}
12:43:17: Triangle 8 = {indexSet=0, vertexSet=0, v0=18, v1=19, v2=20}
12:43:17: Triangle 9 = {indexSet=0, vertexSet=0, v0=18, v1=20, v2=21}
12:43:17: Triangle 10 = {indexSet=0, vertexSet=0, v0=22, v1=23, v2=24}
12:43:17: Triangle 11 = {indexSet=0, vertexSet=0, v0=22, v1=24, v2=25}
12:43:17: Triangle 12 = {indexSet=0, vertexSet=0, v0=26, v1=27, v2=28}
12:43:17: Triangle 13 = {indexSet=0, vertexSet=0, v0=26, v1=28, v2=29}
12:43:17: Triangle 14 = {indexSet=0, vertexSet=0, v0=30, v1=31, v2=32}
12:43:17: Triangle 15 = {indexSet=0, vertexSet=0, v0=30, v1=32, v2=33}
12:43:17: Triangle 16 = {indexSet=0, vertexSet=0, v0=34, v1=35, v2=36}
12:43:17: Triangle 17 = {indexSet=0, vertexSet=0, v0=37, v1=38, v2=39}
12:43:17: Triangle 18 = {indexSet=0, vertexSet=0, v0=37, v1=39, v2=40}
12:43:17: Triangle 19 = {indexSet=0, vertexSet=0, v0=41, v1=42, v2=43}
12:43:17: Triangle 20 = {indexSet=0, vertexSet=0, v0=44, v1=45, v2=46}
12:43:17: Triangle 21 = {indexSet=0, vertexSet=0, v0=44, v1=46, v2=47}
12:43:17: Triangle 22 = {indexSet=0, vertexSet=0, v0=48, v1=49, v2=50}
12:43:17: Triangle 23 = {indexSet=0, vertexSet=0, v0=48, v1=50, v2=51}
12:43:17: Triangle 24 = {indexSet=0, vertexSet=0, v0=52, v1=53, v2=54}
12:43:17: Triangle 25 = {indexSet=0, vertexSet=0, v0=52, v1=54, v2=55}
12:43:17: Triangle 26 = {indexSet=0, vertexSet=0, v0=56, v1=57, v2=58}
12:43:17: Triangle 27 = {indexSet=0, vertexSet=0, v0=56, v1=58, v2=59}
12:43:17: Triangle 28 = {indexSet=0, vertexSet=0, v0=60, v1=61, v2=62}
12:43:17: Triangle 29 = {indexSet=0, vertexSet=0, v0=60, v1=62, v2=63}
12:43:17: Triangle 30 = {indexSet=0, vertexSet=0, v0=64, v1=65, v2=66}
12:43:17: Triangle 31 = {indexSet=0, vertexSet=0, v0=64, v1=66, v2=67}
12:43:17: Triangle 32 = {indexSet=0, vertexSet=0, v0=68, v1=69, v2=70}
12:43:17: Triangle 33 = {indexSet=0, vertexSet=0, v0=68, v1=70, v2=71}
12:43:17: Triangle 34 = {indexSet=0, vertexSet=0, v0=72, v1=73, v2=74}
12:43:17: Triangle 35 = {indexSet=0, vertexSet=0, v0=72, v1=74, v2=75}
12:43:17: Triangle 36 = {indexSet=0, vertexSet=0, v0=76, v1=77, v2=78}
12:43:17: Triangle 37 = {indexSet=0, vertexSet=0, v0=76, v1=78, v2=79}
12:43:17: Triangle 38 = {indexSet=0, vertexSet=0, v0=80, v1=81, v2=82}
12:43:17: Triangle 39 = {indexSet=0, vertexSet=0, v0=80, v1=82, v2=83}
12:43:17: Triangle 40 = {indexSet=0, vertexSet=0, v0=84, v1=85, v2=86}
12:43:17: Triangle 41 = {indexSet=0, vertexSet=0, v0=84, v1=86, v2=87}
12:43:17: Triangle 42 = {indexSet=0, vertexSet=0, v0=88, v1=89, v2=90}
12:43:17: Triangle 43 = {indexSet=0, vertexSet=0, v0=88, v1=90, v2=91}
12:43:17: Triangle 44 = {indexSet=0, vertexSet=0, v0=92, v1=93, v2=94}
12:43:17: Triangle 45 = {indexSet=0, vertexSet=0, v0=92, v1=94, v2=95}
12:43:17: Triangle 46 = {indexSet=0, vertexSet=0, v0=96, v1=97, v2=98}
12:43:17: Triangle 47 = {indexSet=0, vertexSet=0, v0=96, v1=98, v2=99}
12:43:17: Triangle 48 = {indexSet=0, vertexSet=0, v0=100, v1=101, v2=102}
12:43:17: Triangle 49 = {indexSet=0, vertexSet=0, v0=100, v1=102, v2=103}
12:43:17: Triangle 50 = {indexSet=0, vertexSet=0, v0=104, v1=105, v2=106}
12:43:17: Triangle 51 = {indexSet=0, vertexSet=0, v0=104, v1=106, v2=107}
12:43:17: Triangle 52 = {indexSet=0, vertexSet=0, v0=108, v1=109, v2=110}
12:43:17: Triangle 53 = {indexSet=0, vertexSet=0, v0=108, v1=110, v2=111}
12:43:17: Triangle 54 = {indexSet=0, vertexSet=0, v0=112, v1=113, v2=114}
12:43:17: Triangle 55 = {indexSet=0, vertexSet=0, v0=112, v1=114, v2=115}
12:43:17: Triangle 56 = {indexSet=0, vertexSet=0, v0=116, v1=117, v2=118}
12:43:17: Triangle 57 = {indexSet=0, vertexSet=0, v0=116, v1=118, v2=119}
12:43:17: Triangle 58 = {indexSet=0, vertexSet=0, v0=120, v1=121, v2=122}
12:43:17: Triangle 59 = {indexSet=0, vertexSet=0, v0=120, v1=122, v2=123}
12:43:17: Edge Group vertexSet=0
12:43:17: Edge 0 = {
  tri0=0, 
  tri1=7, 
  v0=0, 
  v1=1, 
  degenerate=false 
}
12:43:17: Edge 1 = {
  tri0=0, 
  tri1=12, 
  v0=1, 
  v1=2, 
  degenerate=false 
}
12:43:17: Edge 2 = {
  tri0=0, 
  tri1=1, 
  v0=2, 
  v1=0, 
  degenerate=false 
}
12:43:17: Edge 3 = {
  tri0=1, 
  tri1=2, 
  v0=2, 
  v1=3, 
  degenerate=false 
}
12:43:17: Edge 4 = {
  tri0=1, 
  tri1=5, 
  v0=3, 
  v1=0, 
  degenerate=false 
}
12:43:17: Edge 5 = {
  tri0=2, 
  tri1=6, 
  v0=4, 
  v1=5, 
  degenerate=false 
}
12:43:17: Edge 6 = {
  tri0=2, 
  tri1=30, 
  v0=6, 
  v1=4, 
  degenerate=false 
}
12:43:17: Edge 7 = {
  tri0=3, 
  tri1=19, 
  v0=7, 
  v1=8, 
  degenerate=false 
}
12:43:17: Edge 8 = {
  tri0=3, 
  tri1=18, 
  v0=8, 
  v1=9, 
  degenerate=false 
}
12:43:17: Edge 9 = {
  tri0=3, 
  tri1=4, 
  v0=9, 
  v1=7, 
  degenerate=false 
}
12:43:17: Edge 10 = {
  tri0=4, 
  tri1=16, 
  v0=9, 
  v1=10, 
  degenerate=false 
}
12:43:17: Edge 11 = {
  tri0=4, 
  tri1=13, 
  v0=10, 
  v1=7, 
  degenerate=false 
}
12:43:17: Edge 12 = {
  tri0=5, 
  tri1=7, 
  v0=11, 
  v1=12, 
  degenerate=false 
}
12:43:17: Edge 13 = {
  tri0=5, 
  tri1=6, 
  v0=13, 
  v1=11, 
  degenerate=false 
}
12:43:17: Edge 14 = {
  tri0=6, 
  tri1=46, 
  v0=14, 
  v1=11, 
  degenerate=false 
}
12:43:17: Edge 15 = {
  tri0=7, 
  tri1=40, 
  v0=17, 
  v1=15, 
  degenerate=false 
}
12:43:17: Edge 16 = {
  tri0=8, 
  tri1=13, 
  v0=18, 
  v1=19, 
  degenerate=false 
}
12:43:17: Edge 17 = {
  tri0=8, 
  tri1=41, 
  v0=19, 
  v1=20, 
  degenerate=false 
}
12:43:17: Edge 18 = {
  tri0=8, 
  tri1=9, 
  v0=20, 
  v1=18, 
  degenerate=false 
}
12:43:17: Edge 19 = {
  tri0=9, 
  tri1=36, 
  v0=20, 
  v1=21, 
  degenerate=false 
}
12:43:17: Edge 20 = {
  tri0=9, 
  tri1=42, 
  v0=21, 
  v1=18, 
  degenerate=false 
}
12:43:17: Edge 21 = {
  tri0=10, 
  tri1=14, 
  v0=22, 
  v1=23, 
  degenerate=false 
}
12:43:17: Edge 22 = {
  tri0=10, 
  tri1=49, 
  v0=23, 
  v1=24, 
  degenerate=false 
}
12:43:17: Edge 23 = {
  tri0=10, 
  tri1=11, 
  v0=24, 
  v1=22, 
  degenerate=false 
}
12:43:17: Edge 24 = {
  tri0=11, 
  tri1=44, 
  v0=24, 
  v1=25, 
  degenerate=false 
}
12:43:17: Edge 25 = {
  tri0=11, 
  tri1=46, 
  v0=25, 
  v1=22, 
  degenerate=false 
}
12:43:17: Edge 26 = {
  tri0=12, 
  tri1=32, 
  v0=26, 
  v1=27, 
  degenerate=false 
}
12:43:17: Edge 27 = {
  tri0=12, 
  tri1=13, 
  v0=28, 
  v1=26, 
  degenerate=false 
}
12:43:17: Edge 28 = {
  tri0=14, 
  tri1=31, 
  v0=31, 
  v1=32, 
  degenerate=false 
}
12:43:17: Edge 29 = {
  tri0=14, 
  tri1=15, 
  v0=32, 
  v1=30, 
  degenerate=false 
}
12:43:17: Edge 30 = {
  tri0=15, 
  tri1=28, 
  v0=32, 
  v1=33, 
  degenerate=false 
}
12:43:17: Edge 31 = {
  tri0=15, 
  tri1=34, 
  v0=33, 
  v1=30, 
  degenerate=false 
}
12:43:17: Edge 32 = {
  tri0=16, 
  tri1=18, 
  v0=34, 
  v1=35, 
  degenerate=false 
}
12:43:17: Edge 33 = {
  tri0=16, 
  tri1=22, 
  v0=35, 
  v1=36, 
  degenerate=false 
}
12:43:17: Edge 34 = {
  tri0=17, 
  tri1=19, 
  v0=37, 
  v1=38, 
  degenerate=false 
}
12:43:17: Edge 35 = {
  tri0=17, 
  tri1=20, 
  v0=38, 
  v1=39, 
  degenerate=false 
}
12:43:17: Edge 36 = {
  tri0=17, 
  tri1=18, 
  v0=39, 
  v1=37, 
  degenerate=false 
}
12:43:17: Edge 37 = {
  tri0=19, 
  tri1=24, 
  v0=41, 
  v1=42, 
  degenerate=false 
}
12:43:17: Edge 38 = {
  tri0=20, 
  tri1=25, 
  v0=45, 
  v1=46, 
  degenerate=false 
}
12:43:17: Edge 39 = {
  tri0=20, 
  tri1=21, 
  v0=46, 
  v1=44, 
  degenerate=false 
}
12:43:17: Edge 40 = {
  tri0=21, 
  tri1=18446744073709551615, 
  v0=46, 
  v1=47, 
  degenerate=true 
}
12:43:17: Edge 41 = {
  tri0=21, 
  tri1=22, 
  v0=47, 
  v1=44, 
  degenerate=false 
}
12:43:17: Edge 42 = {
  tri0=22, 
  tri1=23, 
  v0=50, 
  v1=48, 
  degenerate=false 
}
12:43:17: Edge 43 = {
  tri0=23, 
  tri1=18446744073709551615, 
  v0=50, 
  v1=51, 
  degenerate=true 
}
12:43:17: Edge 44 = {
  tri0=23, 
  tri1=26, 
  v0=51, 
  v1=48, 
  degenerate=false 
}
12:43:17: Edge 45 = {
  tri0=24, 
  tri1=27, 
  v0=53, 
  v1=54, 
  degenerate=false 
}
12:43:17: Edge 46 = {
  tri0=24, 
  tri1=25, 
  v0=54, 
  v1=52, 
  degenerate=false 
}
12:43:17: Edge 47 = {
  tri0=25, 
  tri1=18446744073709551615, 
  v0=54, 
  v1=55, 
  degenerate=true 
}
12:43:17: Edge 48 = {
  tri0=26, 
  tri1=18446744073709551615, 
  v0=56, 
  v1=57, 
  degenerate=true 
}
12:43:17: Edge 49 = {
  tri0=26, 
  tri1=27, 
  v0=58, 
  v1=56, 
  degenerate=false 
}
12:43:17: Edge 50 = {
  tri0=27, 
  tri1=18446744073709551615, 
  v0=58, 
  v1=59, 
  degenerate=true 
}
12:43:17: Edge 51 = {
  tri0=28, 
  tri1=31, 
  v0=61, 
  v1=62, 
  degenerate=false 
}
12:43:17: Edge 52 = {
  tri0=28, 
  tri1=29, 
  v0=62, 
  v1=60, 
  degenerate=false 
}
12:43:17: Edge 53 = {
  tri0=29, 
  tri1=33, 
  v0=62, 
  v1=63, 
  degenerate=false 
}
12:43:17: Edge 54 = {
  tri0=29, 
  tri1=35, 
  v0=63, 
  v1=60, 
  degenerate=false 
}
12:43:17: Edge 55 = {
  tri0=30, 
  tri1=33, 
  v0=65, 
  v1=66, 
  degenerate=false 
}
12:43:17: Edge 56 = {
  tri0=30, 
  tri1=31, 
  v0=66, 
  v1=64, 
  degenerate=false 
}
12:43:17: Edge 57 = {
  tri0=32, 
  tri1=35, 
  v0=69, 
  v1=70, 
  degenerate=false 
}
12:43:17: Edge 58 = {
  tri0=32, 
  tri1=33, 
  v0=70, 
  v1=68, 
  degenerate=false 
}
12:43:17: Edge 59 = {
  tri0=34, 
  tri1=18446744073709551615, 
  v0=72, 
  v1=73, 
  degenerate=true 
}
12:43:17: Edge 60 = {
  tri0=34, 
  tri1=35, 
  v0=74, 
  v1=72, 
  degenerate=false 
}
12:43:17: Edge 61 = {
  tri0=36, 
  tri1=41, 
  v0=77, 
  v1=78, 
  degenerate=false 
}
12:43:17: Edge 62 = {
  tri0=36, 
  tri1=37, 
  v0=78, 
  v1=76, 
  degenerate=false 
}
12:43:17: Edge 63 = {
  tri0=37, 
  tri1=39, 
  v0=78, 
  v1=79, 
  degenerate=false 
}
12:43:17: Edge 64 = {
  tri0=37, 
  tri1=43, 
  v0=79, 
  v1=76, 
  degenerate=false 
}
12:43:17: Edge 65 = {
  tri0=38, 
  tri1=50, 
  v0=80, 
  v1=81, 
  degenerate=false 
}
12:43:17: Edge 66 = {
  tri0=38, 
  tri1=43, 
  v0=81, 
  v1=82, 
  degenerate=false 
}
12:43:17: Edge 67 = {
  tri0=38, 
  tri1=39, 
  v0=82, 
  v1=80, 
  degenerate=false 
}
12:43:17: Edge 68 = {
  tri0=39, 
  tri1=40, 
  v0=83, 
  v1=80, 
  degenerate=false 
}
12:43:17: Edge 69 = {
  tri0=40, 
  tri1=41, 
  v0=86, 
  v1=84, 
  degenerate=false 
}
12:43:17: Edge 70 = {
  tri0=42, 
  tri1=18446744073709551615, 
  v0=88, 
  v1=89, 
  degenerate=true 
}
12:43:17: Edge 71 = {
  tri0=42, 
  tri1=43, 
  v0=90, 
  v1=88, 
  degenerate=false 
}
12:43:17: Edge 72 = {
  tri0=44, 
  tri1=57, 
  v0=93, 
  v1=94, 
  degenerate=false 
}
12:43:17: Edge 73 = {
  tri0=44, 
  tri1=45, 
  v0=94, 
  v1=92, 
  degenerate=false 
}
12:43:17: Edge 74 = {
  tri0=45, 
  tri1=53, 
  v0=94, 
  v1=95, 
  degenerate=false 
}
12:43:17: Edge 75 = {
  tri0=45, 
  tri1=54, 
  v0=95, 
  v1=92, 
  degenerate=false 
}
12:43:17: Edge 76 = {
  tri0=46, 
  tri1=47, 
  v0=98, 
  v1=96, 
  degenerate=false 
}
12:43:17: Edge 77 = {
  tri0=47, 
  tri1=54, 
  v0=98, 
  v1=99, 
  degenerate=false 
}
12:43:17: Edge 78 = {
  tri0=47, 
  tri1=50, 
  v0=99, 
  v1=96, 
  degenerate=false 
}
12:43:17: Edge 79 = {
  tri0=48, 
  tri1=18446744073709551615, 
  v0=100, 
  v1=101, 
  degenerate=true 
}
12:43:17: Edge 80 = {
  tri0=48, 
  tri1=51, 
  v0=101, 
  v1=102, 
  degenerate=false 
}
12:43:17: Edge 81 = {
  tri0=48, 
  tri1=49, 
  v0=102, 
  v1=100, 
  degenerate=false 
}
12:43:17: Edge 82 = {
  tri0=49, 
  tri1=56, 
  v0=102, 
  v1=103, 
  degenerate=false 
}
12:43:17: Edge 83 = {
  tri0=50, 
  tri1=51, 
  v0=106, 
  v1=104, 
  degenerate=false 
}
12:43:17: Edge 84 = {
  tri0=51, 
  tri1=58, 
  v0=106, 
  v1=107, 
  degenerate=false 
}
12:43:17: Edge 85 = {
  tri0=52, 
  tri1=59, 
  v0=108, 
  v1=109, 
  degenerate=false 
}
12:43:17: Edge 86 = {
  tri0=52, 
  tri1=55, 
  v0=109, 
  v1=110, 
  degenerate=false 
}
12:43:17: Edge 87 = {
  tri0=52, 
  tri1=53, 
  v0=110, 
  v1=108, 
  degenerate=false 
}
12:43:17: Edge 88 = {
  tri0=53, 
  tri1=57, 
  v0=111, 
  v1=108, 
  degenerate=false 
}
12:43:17: Edge 89 = {
  tri0=54, 
  tri1=55, 
  v0=114, 
  v1=112, 
  degenerate=false 
}
12:43:17: Edge 90 = {
  tri0=55, 
  tri1=58, 
  v0=115, 
  v1=112, 
  degenerate=false 
}
12:43:17: Edge 91 = {
  tri0=56, 
  tri1=59, 
  v0=117, 
  v1=118, 
  degenerate=false 
}
12:43:17: Edge 92 = {
  tri0=56, 
  tri1=57, 
  v0=118, 
  v1=116, 
  degenerate=false 
}
12:43:17: Edge 93 = {
  tri0=58, 
  tri1=59, 
  v0=122, 
  v1=120, 
  degenerate=false 
}
