  game_object_manager.cpp
D:\SchoolAndProjects\Programs\ETGG 3802_01 Realtime Interactive Prog 2\Lab 1\OgreEngine\OgreEngine\dependencies\ogre1.12.2_vc2019_x64\include\OGRE\OgreAxisAlignedBox.h(66,25): warning C4251: 'Ogre::AxisAlignedBox::mMinimum': class 'Ogre::Vector<3,Ogre::Real>' needs to have dll-interface to be used by clients of class 'Ogre::AxisAlignedBox'
D:\SchoolAndProjects\Programs\ETGG 3802_01 Realtime Interactive Prog 2\Lab 1\OgreEngine\OgreEngine\dependencies\ogre1.12.2_vc2019_x64\include\OGRE\OgrePrerequisites.h(254): message : see declaration of 'Ogre::Vector<3,Ogre::Real>'
D:\SchoolAndProjects\Programs\ETGG 3802_01 Realtime Interactive Prog 2\Lab 1\OgreEngine\OgreEngine\dependencies\ogre1.12.2_vc2019_x64\include\OGRE\OgreAxisAlignedBox.h(67,25): warning C4251: 'Ogre::AxisAlignedBox::mMaximum': class 'Ogre::Vector<3,Ogre::Real>' needs to have dll-interface to be used by clients of class 'Ogre::AxisAlignedBox'
D:\SchoolAndProjects\Programs\ETGG 3802_01 Realtime Interactive Prog 2\Lab 1\OgreEngine\OgreEngine\dependencies\ogre1.12.2_vc2019_x64\include\OGRE\OgrePrerequisites.h(254): message : see declaration of 'Ogre::Vector<3,Ogre::Real>'
D:\SchoolAndProjects\Programs\ETGG 3802_01 Realtime Interactive Prog 2\Lab 1\OgreEngine\OgreEngine\dependencies\ogre1.12.2_vc2019_x64\include\OGRE\OgrePlane.h(65,23): warning C4251: 'Ogre::Plane::normal': class 'Ogre::Vector<3,Ogre::Real>' needs to have dll-interface to be used by clients of class 'Ogre::Plane'
D:\SchoolAndProjects\Programs\ETGG 3802_01 Realtime Interactive Prog 2\Lab 1\OgreEngine\OgreEngine\dependencies\ogre1.12.2_vc2019_x64\include\OGRE\OgrePrerequisites.h(254): message : see declaration of 'Ogre::Vector<3,Ogre::Real>'
D:\SchoolAndProjects\Programs\ETGG 3802_01 Realtime Interactive Prog 2\Lab 1\OgreEngine\OgreEngine\dependencies\ogre1.12.2_vc2019_x64\include\OGRE\OgreSphere.h(56,24): warning C4251: 'Ogre::Sphere::mCenter': class 'Ogre::Vector<3,Ogre::Real>' needs to have dll-interface to be used by clients of class 'Ogre::Sphere'
D:\SchoolAndProjects\Programs\ETGG 3802_01 Realtime Interactive Prog 2\Lab 1\OgreEngine\OgreEngine\dependencies\ogre1.12.2_vc2019_x64\include\OGRE\OgrePrerequisites.h(254): message : see declaration of 'Ogre::Vector<3,Ogre::Real>'
D:\SchoolAndProjects\Programs\ETGG 3802_01 Realtime Interactive Prog 2\Lab 1\OgreEngine\OgreEngine\dependencies\ogre1.12.2_vc2019_x64\include\OGRE\OgreBone.h(140,41): warning C4251: 'Ogre::Bone::mBindDerivedInverseScale': class 'Ogre::Vector<3,Ogre::Real>' needs to have dll-interface to be used by clients of class 'Ogre::Bone'
D:\SchoolAndProjects\Programs\ETGG 3802_01 Realtime Interactive Prog 2\Lab 1\OgreEngine\OgreEngine\dependencies\ogre1.12.2_vc2019_x64\include\OGRE\OgrePrerequisites.h(254): message : see declaration of 'Ogre::Vector<3,Ogre::Real>'
D:\SchoolAndProjects\Programs\ETGG 3802_01 Realtime Interactive Prog 2\Lab 1\OgreEngine\OgreEngine\dependencies\ogre1.12.2_vc2019_x64\include\OGRE\OgreBone.h(144,44): warning C4251: 'Ogre::Bone::mBindDerivedInversePosition': class 'Ogre::Vector<3,Ogre::Real>' needs to have dll-interface to be used by clients of class 'Ogre::Bone'
D:\SchoolAndProjects\Programs\ETGG 3802_01 Realtime Interactive Prog 2\Lab 1\OgreEngine\OgreEngine\dependencies\ogre1.12.2_vc2019_x64\include\OGRE\OgrePrerequisites.h(254): message : see declaration of 'Ogre::Vector<3,Ogre::Real>'
D:\SchoolAndProjects\Programs\ETGG 3802_01 Realtime Interactive Prog 2\Lab 1\OgreEngine\OgreEngine\dependencies\ogre1.12.2_vc2019_x64\include\OGRE\OgreRay.h(48,24): warning C4251: 'Ogre::Ray::mOrigin': class 'Ogre::Vector<3,Ogre::Real>' needs to have dll-interface to be used by clients of class 'Ogre::Ray'
D:\SchoolAndProjects\Programs\ETGG 3802_01 Realtime Interactive Prog 2\Lab 1\OgreEngine\OgreEngine\dependencies\ogre1.12.2_vc2019_x64\include\OGRE\OgrePrerequisites.h(254): message : see declaration of 'Ogre::Vector<3,Ogre::Real>'
D:\SchoolAndProjects\Programs\ETGG 3802_01 Realtime Interactive Prog 2\Lab 1\OgreEngine\OgreEngine\dependencies\ogre1.12.2_vc2019_x64\include\OGRE\OgreRay.h(49,27): warning C4251: 'Ogre::Ray::mDirection': class 'Ogre::Vector<3,Ogre::Real>' needs to have dll-interface to be used by clients of class 'Ogre::Ray'
D:\SchoolAndProjects\Programs\ETGG 3802_01 Realtime Interactive Prog 2\Lab 1\OgreEngine\OgreEngine\dependencies\ogre1.12.2_vc2019_x64\include\OGRE\OgrePrerequisites.h(254): message : see declaration of 'Ogre::Vector<3,Ogre::Real>'
D:\SchoolAndProjects\Programs\ETGG 3802_01 Realtime Interactive Prog 2\Lab 1\OgreEngine\OgreEngine\dependencies\ogre1.12.2_vc2019_x64\include\OGRE\OgreAutoParamDataSource.h(73,40): warning C4251: 'Ogre::AutoParamDataSource::mCameraPosition': class 'Ogre::Vector<4,Ogre::Real>' needs to have dll-interface to be used by clients of class 'Ogre::AutoParamDataSource'
D:\SchoolAndProjects\Programs\ETGG 3802_01 Realtime Interactive Prog 2\Lab 1\OgreEngine\OgreEngine\dependencies\ogre1.12.2_vc2019_x64\include\OGRE\OgrePrerequisites.h(256): message : see declaration of 'Ogre::Vector<4,Ogre::Real>'
D:\SchoolAndProjects\Programs\ETGG 3802_01 Realtime Interactive Prog 2\Lab 1\OgreEngine\OgreEngine\dependencies\ogre1.12.2_vc2019_x64\include\OGRE\OgreAutoParamDataSource.h(74,51): warning C4251: 'Ogre::AutoParamDataSource::mCameraPositionObjectSpace': class 'Ogre::Vector<4,Ogre::Real>' needs to have dll-interface to be used by clients of class 'Ogre::AutoParamDataSource'
D:\SchoolAndProjects\Programs\ETGG 3802_01 Realtime Interactive Prog 2\Lab 1\OgreEngine\OgreEngine\dependencies\ogre1.12.2_vc2019_x64\include\OGRE\OgrePrerequisites.h(256): message : see declaration of 'Ogre::Vector<4,Ogre::Real>'
D:\SchoolAndProjects\Programs\ETGG 3802_01 Realtime Interactive Prog 2\Lab 1\OgreEngine\OgreEngine\dependencies\ogre1.12.2_vc2019_x64\include\OGRE\OgreAutoParamDataSource.h(79,76): warning C4251: 'Ogre::AutoParamDataSource::mShadowCamDepthRanges': class 'Ogre::Vector<4,Ogre::Real>' needs to have dll-interface to be used by clients of class 'Ogre::AutoParamDataSource'
D:\SchoolAndProjects\Programs\ETGG 3802_01 Realtime Interactive Prog 2\Lab 1\OgreEngine\OgreEngine\dependencies\ogre1.12.2_vc2019_x64\include\OGRE\OgrePrerequisites.h(256): message : see declaration of 'Ogre::Vector<4,Ogre::Real>'
D:\SchoolAndProjects\Programs\ETGG 3802_01 Realtime Interactive Prog 2\Lab 1\OgreEngine\OgreEngine\dependencies\ogre1.12.2_vc2019_x64\include\OGRE\OgreAutoParamDataSource.h(84,43): warning C4251: 'Ogre::AutoParamDataSource::mLodCameraPosition': class 'Ogre::Vector<4,Ogre::Real>' needs to have dll-interface to be used by clients of class 'Ogre::AutoParamDataSource'
D:\SchoolAndProjects\Programs\ETGG 3802_01 Realtime Interactive Prog 2\Lab 1\OgreEngine\OgreEngine\dependencies\ogre1.12.2_vc2019_x64\include\OGRE\OgrePrerequisites.h(256): message : see declaration of 'Ogre::Vector<4,Ogre::Real>'
D:\SchoolAndProjects\Programs\ETGG 3802_01 Realtime Interactive Prog 2\Lab 1\OgreEngine\OgreEngine\dependencies\ogre1.12.2_vc2019_x64\include\OGRE\OgreAutoParamDataSource.h(85,54): warning C4251: 'Ogre::AutoParamDataSource::mLodCameraPositionObjectSpace': class 'Ogre::Vector<4,Ogre::Real>' needs to have dll-interface to be used by clients of class 'Ogre::AutoParamDataSource'
D:\SchoolAndProjects\Programs\ETGG 3802_01 Realtime Interactive Prog 2\Lab 1\OgreEngine\OgreEngine\dependencies\ogre1.12.2_vc2019_x64\include\OGRE\OgrePrerequisites.h(256): message : see declaration of 'Ogre::Vector<4,Ogre::Real>'
D:\SchoolAndProjects\Programs\ETGG 3802_01 Realtime Interactive Prog 2\Lab 1\OgreEngine\OgreEngine\dependencies\ogre1.12.2_vc2019_x64\include\OGRE\OgreAutoParamDataSource.h(107,27): warning C4251: 'Ogre::AutoParamDataSource::mFogParams': class 'Ogre::Vector<4,Ogre::Real>' needs to have dll-interface to be used by clients of class 'Ogre::AutoParamDataSource'
D:\SchoolAndProjects\Programs\ETGG 3802_01 Realtime Interactive Prog 2\Lab 1\OgreEngine\OgreEngine\dependencies\ogre1.12.2_vc2019_x64\include\OGRE\OgrePrerequisites.h(256): message : see declaration of 'Ogre::Vector<4,Ogre::Real>'
D:\SchoolAndProjects\Programs\ETGG 3802_01 Realtime Interactive Prog 2\Lab 1\OgreEngine\OgreEngine\dependencies\ogre1.12.2_vc2019_x64\include\OGRE\OgreAutoParamDataSource.h(108,30): warning C4251: 'Ogre::AutoParamDataSource::mPointParams': class 'Ogre::Vector<4,Ogre::Real>' needs to have dll-interface to be used by clients of class 'Ogre::AutoParamDataSource'
D:\SchoolAndProjects\Programs\ETGG 3802_01 Realtime Interactive Prog 2\Lab 1\OgreEngine\OgreEngine\dependencies\ogre1.12.2_vc2019_x64\include\OGRE\OgrePrerequisites.h(256): message : see declaration of 'Ogre::Vector<4,Ogre::Real>'
D:\SchoolAndProjects\Programs\ETGG 3802_01 Realtime Interactive Prog 2\Lab 1\OgreEngine\OgreEngine\dependencies\ogre1.12.2_vc2019_x64\include\OGRE\OgreAutoParamDataSource.h(110,41): warning C4251: 'Ogre::AutoParamDataSource::mSceneDepthRange': class 'Ogre::Vector<4,Ogre::Real>' needs to have dll-interface to be used by clients of class 'Ogre::AutoParamDataSource'
D:\SchoolAndProjects\Programs\ETGG 3802_01 Realtime Interactive Prog 2\Lab 1\OgreEngine\OgreEngine\dependencies\ogre1.12.2_vc2019_x64\include\OGRE\OgrePrerequisites.h(256): message : see declaration of 'Ogre::Vector<4,Ogre::Real>'
D:\SchoolAndProjects\Programs\ETGG 3802_01 Realtime Interactive Prog 2\Lab 1\OgreEngine\OgreEngine\dependencies\ogre1.12.2_vc2019_x64\include\OGRE\OgreAutoParamDataSource.h(118,40): warning C4251: 'Ogre::AutoParamDataSource::mCameraRelativePosition': class 'Ogre::Vector<3,Ogre::Real>' needs to have dll-interface to be used by clients of class 'Ogre::AutoParamDataSource'
D:\SchoolAndProjects\Programs\ETGG 3802_01 Realtime Interactive Prog 2\Lab 1\OgreEngine\OgreEngine\dependencies\ogre1.12.2_vc2019_x64\include\OGRE\OgrePrerequisites.h(254): message : see declaration of 'Ogre::Vector<3,Ogre::Real>'
D:\SchoolAndProjects\Programs\ETGG 3802_01 Realtime Interactive Prog 2\Lab 1\OgreEngine\OgreEngine\dependencies\ogre1.12.2_vc2019_x64\include\OGRE\OgreTextureManager.h(436,35): warning C4251: 'Ogre::TextureManager::mWarningTexture': class 'Ogre::SharedPtr<Ogre::Texture>' needs to have dll-interface to be used by clients of class 'Ogre::TextureManager'
D:\SchoolAndProjects\Programs\ETGG 3802_01 Realtime Interactive Prog 2\Lab 1\OgreEngine\OgreEngine\dependencies\ogre1.12.2_vc2019_x64\include\OGRE\OgrePrerequisites.h(303): message : see declaration of 'Ogre::SharedPtr<Ogre::Texture>'
D:\SchoolAndProjects\Programs\ETGG 3802_01 Realtime Interactive Prog 2\Lab 1\OgreEngine\OgreEngine\dependencies\ogre1.12.2_vc2019_x64\include\OGRE\OgreTextureManager.h(437,35): warning C4251: 'Ogre::TextureManager::mDefaultSampler': class 'std::shared_ptr<Ogre::Sampler>' needs to have dll-interface to be used by clients of class 'Ogre::TextureManager'
D:\SchoolAndProjects\Programs\ETGG 3802_01 Realtime Interactive Prog 2\Lab 1\OgreEngine\OgreEngine\dependencies\ogre1.12.2_vc2019_x64\include\OGRE\OgreTextureUnitState.h(222): message : see declaration of 'std::shared_ptr<Ogre::Sampler>'
D:\SchoolAndProjects\Programs\ETGG 3802_01 Realtime Interactive Prog 2\Lab 1\OgreEngine\OgreEngine\dependencies\ogre1.12.2_vc2019_x64\include\OGRE\OgreTextureManager.h(438,52): warning C4251: 'Ogre::TextureManager::mNamedSamplers': class 'std::map<Ogre::String,Ogre::SamplerPtr,std::less<Ogre::String>,std::allocator<std::pair<const Ogre::String,Ogre::SamplerPtr>>>' needs to have dll-interface to be used by clients of class 'Ogre::TextureManager'
D:\SchoolAndProjects\Programs\ETGG 3802_01 Realtime Interactive Prog 2\Lab 1\OgreEngine\OgreEngine\dependencies\ogre1.12.2_vc2019_x64\include\OGRE\OgreTextureManager.h(438): message : see declaration of 'std::map<Ogre::String,Ogre::SamplerPtr,std::less<Ogre::String>,std::allocator<std::pair<const Ogre::String,Ogre::SamplerPtr>>>'
D:\SchoolAndProjects\Programs\ETGG 3802_01 Realtime Interactive Prog 2\Lab 1\OgreEngine\OgreEngine\dependencies\ogre1.12.2_vc2019_x64\include\OGRE\OgreTimer.h(41,52): warning C4251: 'Ogre::Timer::start': class 'std::chrono::time_point<std::chrono::steady_clock,std::chrono::nanoseconds>' needs to have dll-interface to be used by clients of class 'Ogre::Timer'
C:\Program Files (x86)\Microsoft Visual Studio\2019\Community\VC\Tools\MSVC\14.24.28314\include\chrono(607): message : see declaration of 'std::chrono::time_point<std::chrono::steady_clock,std::chrono::nanoseconds>'
D:\SchoolAndProjects\Programs\ETGG 3802_01 Realtime Interactive Prog 2\Lab 1\OgreEngine\OgreEngine\dependencies\ogre1.12.2_vc2019_x64\include\OGRE\Overlay\OgreOverlay.h(78,21): warning C4251: 'Ogre::Overlay::mName': class 'std::basic_string<char,std::char_traits<char>,std::allocator<char>>' needs to have dll-interface to be used by clients of class 'Ogre::Overlay'
C:\Program Files (x86)\Microsoft Visual Studio\2019\Community\VC\Tools\MSVC\14.24.28314\include\xstring(4448): message : see declaration of 'std::basic_string<char,std::char_traits<char>,std::allocator<char>>'
D:\SchoolAndProjects\Programs\ETGG 3802_01 Realtime Interactive Prog 2\Lab 1\OgreEngine\OgreEngine\dependencies\ogre1.12.2_vc2019_x64\include\OGRE\Overlay\OgreOverlay.h(84,41): warning C4251: 'Ogre::Overlay::m2DElements': class 'std::list<Ogre::OverlayContainer *,std::allocator<Ogre::OverlayContainer *>>' needs to have dll-interface to be used by clients of class 'Ogre::Overlay'
D:\SchoolAndProjects\Programs\ETGG 3802_01 Realtime Interactive Prog 2\Lab 1\OgreEngine\OgreEngine\dependencies\ogre1.12.2_vc2019_x64\include\OGRE\Overlay\OgreOverlay.h(76): message : see declaration of 'std::list<Ogre::OverlayContainer *,std::allocator<Ogre::OverlayContainer *>>'
D:\SchoolAndProjects\Programs\ETGG 3802_01 Realtime Interactive Prog 2\Lab 1\OgreEngine\OgreEngine\dependencies\ogre1.12.2_vc2019_x64\include\OGRE\Overlay\OgreOverlay.h(87,23): warning C4251: 'Ogre::Overlay::mRotate': class 'Ogre::Radian' needs to have dll-interface to be used by clients of class 'Ogre::Overlay'
D:\SchoolAndProjects\Programs\ETGG 3802_01 Realtime Interactive Prog 2\Lab 1\OgreEngine\OgreEngine\dependencies\ogre1.12.2_vc2019_x64\include\OGRE\OgreMath.h(57): message : see declaration of 'Ogre::Radian'
D:\SchoolAndProjects\Programs\ETGG 3802_01 Realtime Interactive Prog 2\Lab 1\OgreEngine\OgreEngine\dependencies\ogre1.12.2_vc2019_x64\include\OGRE\Overlay\OgreOverlay.h(101,23): warning C4251: 'Ogre::Overlay::mOrigin': class 'std::basic_string<char,std::char_traits<char>,std::allocator<char>>' needs to have dll-interface to be used by clients of class 'Ogre::Overlay'
C:\Program Files (x86)\Microsoft Visual Studio\2019\Community\VC\Tools\MSVC\14.24.28314\include\xstring(4448): message : see declaration of 'std::basic_string<char,std::char_traits<char>,std::allocator<char>>'
D:\SchoolAndProjects\Programs\ETGG 3802_01 Realtime Interactive Prog 2\Lab 1\OgreEngine\OgreEngine\dependencies\ogre1.12.2_vc2019_x64\include\OGRE\Overlay\OgreOverlayManager.h(62,31): warning C4251: 'Ogre::OverlayManager::mOverlayMap': class 'std::map<Ogre::String,Ogre::Overlay *,std::less<Ogre::String>,std::allocator<std::pair<const Ogre::String,Ogre::Overlay *>>>' needs to have dll-interface to be used by clients of class 'Ogre::OverlayManager'
D:\SchoolAndProjects\Programs\ETGG 3802_01 Realtime Interactive Prog 2\Lab 1\OgreEngine\OgreEngine\dependencies\ogre1.12.2_vc2019_x64\include\OGRE\Overlay\OgreOverlayManager.h(58): message : see declaration of 'std::map<Ogre::String,Ogre::Overlay *,std::less<Ogre::String>,std::allocator<std::pair<const Ogre::String,Ogre::Overlay *>>>'
D:\SchoolAndProjects\Programs\ETGG 3802_01 Realtime Interactive Prog 2\Lab 1\OgreEngine\OgreEngine\dependencies\ogre1.12.2_vc2019_x64\include\OGRE\Overlay\OgreOverlayManager.h(63,37): warning C4251: 'Ogre::OverlayManager::mScriptPatterns': class 'std::vector<Ogre::String,std::allocator<Ogre::String>>' needs to have dll-interface to be used by clients of class 'Ogre::OverlayManager'
D:\SchoolAndProjects\Programs\ETGG 3802_01 Realtime Interactive Prog 2\Lab 1\OgreEngine\OgreEngine\dependencies\ogre1.12.2_vc2019_x64\include\OGRE\OgreString.h(107): message : see declaration of 'std::vector<Ogre::String,std::allocator<Ogre::String>>'
D:\SchoolAndProjects\Programs\ETGG 3802_01 Realtime Interactive Prog 2\Lab 1\OgreEngine\OgreEngine\dependencies\ogre1.12.2_vc2019_x64\include\OGRE\Overlay\OgreOverlayManager.h(71,30): warning C4251: 'Ogre::OverlayManager::mFactories': class 'std::map<Ogre::String,Ogre::OverlayElementFactory *,std::less<Ogre::String>,std::allocator<std::pair<const Ogre::String,Ogre::OverlayElementFactory *>>>' needs to have dll-interface to be used by clients of class 'Ogre::OverlayManager'
D:\SchoolAndProjects\Programs\ETGG 3802_01 Realtime Interactive Prog 2\Lab 1\OgreEngine\OgreEngine\dependencies\ogre1.12.2_vc2019_x64\include\OGRE\Overlay\OgreOverlayManager.h(60): message : see declaration of 'std::map<Ogre::String,Ogre::OverlayElementFactory *,std::less<Ogre::String>,std::allocator<std::pair<const Ogre::String,Ogre::OverlayElementFactory *>>>'
D:\SchoolAndProjects\Programs\ETGG 3802_01 Realtime Interactive Prog 2\Lab 1\OgreEngine\OgreEngine\dependencies\ogre1.12.2_vc2019_x64\include\OGRE\Overlay\OgreOverlayManager.h(73,30): warning C4251: 'Ogre::OverlayManager::mInstances': class 'std::map<Ogre::String,Ogre::OverlayElement *,std::less<Ogre::String>,std::allocator<std::pair<const Ogre::String,Ogre::OverlayElement *>>>' needs to have dll-interface to be used by clients of class 'Ogre::OverlayManager'
D:\SchoolAndProjects\Programs\ETGG 3802_01 Realtime Interactive Prog 2\Lab 1\OgreEngine\OgreEngine\dependencies\ogre1.12.2_vc2019_x64\include\OGRE\Overlay\OgreOverlayManager.h(59): message : see declaration of 'std::map<Ogre::String,Ogre::OverlayElement *,std::less<Ogre::String>,std::allocator<std::pair<const Ogre::String,Ogre::OverlayElement *>>>'
D:\SchoolAndProjects\Programs\ETGG 3802_01 Realtime Interactive Prog 2\Lab 1\OgreEngine\OgreEngine\dependencies\ogre1.12.2_vc2019_x64\include\OGRE\Overlay\OgreOverlayManager.h(74,30): warning C4251: 'Ogre::OverlayManager::mTemplates': class 'std::map<Ogre::String,Ogre::OverlayElement *,std::less<Ogre::String>,std::allocator<std::pair<const Ogre::String,Ogre::OverlayElement *>>>' needs to have dll-interface to be used by clients of class 'Ogre::OverlayManager'
D:\SchoolAndProjects\Programs\ETGG 3802_01 Realtime Interactive Prog 2\Lab 1\OgreEngine\OgreEngine\dependencies\ogre1.12.2_vc2019_x64\include\OGRE\Overlay\OgreOverlayManager.h(59): message : see declaration of 'std::map<Ogre::String,Ogre::OverlayElement *,std::less<Ogre::String>,std::allocator<std::pair<const Ogre::String,Ogre::OverlayElement *>>>'
D:\SchoolAndProjects\Programs\ETGG 3802_01 Realtime Interactive Prog 2\Lab 1\OgreEngine\OgreEngine\dependencies\ogre1.12.2_vc2019_x64\include\OGRE\Overlay\OgreOverlayManager.h(76,68): warning C4251: 'Ogre::OverlayManager::mTranslatorManager': class 'std::unique_ptr<Ogre::ScriptTranslatorManager,std::default_delete<Ogre::ScriptTranslatorManager>>' needs to have dll-interface to be used by clients of class 'Ogre::OverlayManager'
D:\SchoolAndProjects\Programs\ETGG 3802_01 Realtime Interactive Prog 2\Lab 1\OgreEngine\OgreEngine\dependencies\ogre1.12.2_vc2019_x64\include\OGRE\Overlay\OgreOverlayManager.h(76): message : see declaration of 'std::unique_ptr<Ogre::ScriptTranslatorManager,std::default_delete<Ogre::ScriptTranslatorManager>>'
D:\SchoolAndProjects\Programs\ETGG 3802_01 Realtime Interactive Prog 2\Lab 1\OgreEngine\OgreEngine\dependencies\ogre1.12.2_vc2019_x64\include\OGRE\Overlay\OgreUTFString.h(202,70): warning C4275: non dll-interface class 'std::runtime_error' used as base for dll-interface class 'Ogre::UTFString::invalid_data'
C:\Program Files (x86)\Microsoft Visual Studio\2019\Community\VC\Tools\MSVC\14.24.28314\include\stdexcept(117): message : see declaration of 'std::runtime_error'
D:\SchoolAndProjects\Programs\ETGG 3802_01 Realtime Interactive Prog 2\Lab 1\OgreEngine\OgreEngine\dependencies\ogre1.12.2_vc2019_x64\include\OGRE\Overlay\OgreUTFString.h(202): message : see declaration of 'Ogre::UTFString::invalid_data'
D:\SchoolAndProjects\Programs\ETGG 3802_01 Realtime Interactive Prog 2\Lab 1\OgreEngine\OgreEngine\dependencies\ogre1.12.2_vc2019_x64\include\OGRE\Overlay\OgreUTFString.h(231,36): warning C4251: 'Ogre::UTFString::_base_iterator::mIter': class 'std::_String_iterator<std::_String_val<std::_Simple_types<_Ty>>>' needs to have dll-interface to be used by clients of class 'Ogre::UTFString::_base_iterator'
          with
          [
              _Ty=Ogre::ushort
          ]
C:\Program Files (x86)\Microsoft Visual Studio\2019\Community\VC\Tools\MSVC\14.24.28314\include\xstring(2234): message : see declaration of 'std::_String_iterator<std::_String_val<std::_Simple_types<_Ty>>>'
          with
          [
              _Ty=Ogre::ushort
          ]
D:\SchoolAndProjects\Programs\ETGG 3802_01 Realtime Interactive Prog 2\Lab 1\OgreEngine\OgreEngine\dependencies\ogre1.12.2_vc2019_x64\include\OGRE\Overlay\OgreUTFString.h(956,22): warning C4251: 'Ogre::UTFString::mData': class 'std::basic_string<Ogre::UTFString::code_point,std::char_traits<unsigned short>,std::allocator<Ogre::ushort>>' needs to have dll-interface to be used by clients of class 'Ogre::UTFString'
D:\SchoolAndProjects\Programs\ETGG 3802_01 Realtime Interactive Prog 2\Lab 1\OgreEngine\OgreEngine\dependencies\ogre1.12.2_vc2019_x64\include\OGRE\Overlay\OgreUTFString.h(196): message : see declaration of 'std::basic_string<Ogre::UTFString::code_point,std::char_traits<unsigned short>,std::allocator<Ogre::ushort>>'
D:\SchoolAndProjects\Programs\ETGG 3802_01 Realtime Interactive Prog 2\Lab 1\OgreEngine\OgreEngine\dependencies\ogre1.12.2_vc2019_x64\include\OGRE\Overlay\OgreOverlayElement.h(108,21): warning C4251: 'Ogre::OverlayElement::mName': class 'std::basic_string<char,std::char_traits<char>,std::allocator<char>>' needs to have dll-interface to be used by clients of class 'Ogre::OverlayElement'
C:\Program Files (x86)\Microsoft Visual Studio\2019\Community\VC\Tools\MSVC\14.24.28314\include\xstring(4448): message : see declaration of 'std::basic_string<char,std::char_traits<char>,std::allocator<char>>'
D:\SchoolAndProjects\Programs\ETGG 3802_01 Realtime Interactive Prog 2\Lab 1\OgreEngine\OgreEngine\dependencies\ogre1.12.2_vc2019_x64\include\OGRE\Overlay\OgreOverlayElement.h(115,30): warning C4251: 'Ogre::OverlayElement::mMaterial': class 'Ogre::SharedPtr<Ogre::Material>' needs to have dll-interface to be used by clients of class 'Ogre::OverlayElement'
D:\SchoolAndProjects\Programs\ETGG 3802_01 Realtime Interactive Prog 2\Lab 1\OgreEngine\OgreEngine\dependencies\ogre1.12.2_vc2019_x64\include\OGRE\OgrePrerequisites.h(295): message : see declaration of 'Ogre::SharedPtr<Ogre::Material>'
D:\SchoolAndProjects\Programs\ETGG 3802_01 Realtime Interactive Prog 2\Lab 1\OgreEngine\OgreEngine\dependencies\ogre1.12.2_vc2019_x64\include\OGRE\Overlay\OgreOverlayElement.h(118,33): warning C4251: 'Ogre::OverlayElement::mClippingRegion': struct 'Ogre::TRect<float>' needs to have dll-interface to be used by clients of class 'Ogre::OverlayElement'
D:\SchoolAndProjects\Programs\ETGG 3802_01 Realtime Interactive Prog 2\Lab 1\OgreEngine\OgreEngine\dependencies\ogre1.12.2_vc2019_x64\include\OGRE\OgreCommon.h(687): message : see declaration of 'Ogre::TRect<float>'
D:\SchoolAndProjects\Programs\ETGG 3802_01 Realtime Interactive Prog 2\Lab 1\OgreEngine\OgreEngine\dependencies\ogre1.12.2_vc2019_x64\include\OGRE\Overlay\OgreOverlayContainer.h(65,27): warning C4251: 'Ogre::OverlayContainer::mChildren': class 'std::map<Ogre::String,Ogre::OverlayElement *,std::less<Ogre::String>,std::allocator<std::pair<const Ogre::String,Ogre::OverlayElement *>>>' needs to have dll-interface to be used by clients of class 'Ogre::OverlayContainer'
D:\SchoolAndProjects\Programs\ETGG 3802_01 Realtime Interactive Prog 2\Lab 1\OgreEngine\OgreEngine\dependencies\ogre1.12.2_vc2019_x64\include\OGRE\Overlay\OgreOverlayManager.h(59): message : see declaration of 'std::map<Ogre::String,Ogre::OverlayElement *,std::less<Ogre::String>,std::allocator<std::pair<const Ogre::String,Ogre::OverlayElement *>>>'
D:\SchoolAndProjects\Programs\ETGG 3802_01 Realtime Interactive Prog 2\Lab 1\OgreEngine\OgreEngine\dependencies\ogre1.12.2_vc2019_x64\include\OGRE\Overlay\OgreOverlayContainer.h(67,43): warning C4251: 'Ogre::OverlayContainer::mChildContainers': class 'std::map<Ogre::String,Ogre::OverlayContainer *,std::less<Ogre::String>,std::allocator<std::pair<const Ogre::String,Ogre::OverlayContainer *>>>' needs to have dll-interface to be used by clients of class 'Ogre::OverlayContainer'
D:\SchoolAndProjects\Programs\ETGG 3802_01 Realtime Interactive Prog 2\Lab 1\OgreEngine\OgreEngine\dependencies\ogre1.12.2_vc2019_x64\include\OGRE\Overlay\OgreOverlayContainer.h(61): message : see declaration of 'std::map<Ogre::String,Ogre::OverlayContainer *,std::less<Ogre::String>,std::allocator<std::pair<const Ogre::String,Ogre::OverlayContainer *>>>'
D:\SchoolAndProjects\Programs\ETGG 3802_01 Realtime Interactive Prog 2\Lab 1\OgreEngine\OgreEngine\dependencies\ogre1.12.2_vc2019_x64\include\OGRE\Overlay\OgreOverlayProfileSessionListener.h(112,36): warning C4251: 'Ogre::OverlayProfileSessionListener::mProfileBars': class 'std::list<Ogre::OverlayElement *,std::allocator<Ogre::OverlayElement *>>' needs to have dll-interface to be used by clients of class 'Ogre::OverlayProfileSessionListener'
D:\SchoolAndProjects\Programs\ETGG 3802_01 Realtime Interactive Prog 2\Lab 1\OgreEngine\OgreEngine\dependencies\ogre1.12.2_vc2019_x64\include\OGRE\Overlay\OgreOverlayProfileSessionListener.h(94): message : see declaration of 'std::list<Ogre::OverlayElement *,std::allocator<Ogre::OverlayElement *>>'
D:\SchoolAndProjects\Programs\ETGG 3802_01 Realtime Interactive Prog 2\Lab 1\OgreEngine\OgreEngine\dependencies\ogre1.12.2_vc2019_x64\include\OGRE\Overlay\OgreFont.h(123,23): warning C4251: 'Ogre::Font::mSource': class 'std::basic_string<char,std::char_traits<char>,std::allocator<char>>' needs to have dll-interface to be used by clients of class 'Ogre::Font'
C:\Program Files (x86)\Microsoft Visual Studio\2019\Community\VC\Tools\MSVC\14.24.28314\include\xstring(4448): message : see declaration of 'std::basic_string<char,std::char_traits<char>,std::allocator<char>>'
D:\SchoolAndProjects\Programs\ETGG 3802_01 Realtime Interactive Prog 2\Lab 1\OgreEngine\OgreEngine\dependencies\ogre1.12.2_vc2019_x64\include\OGRE\Overlay\OgreFont.h(159,35): warning C4251: 'Ogre::Font::mCodePointMap': class 'std::map<Ogre::Font::CodePoint,Ogre::Font::GlyphInfo,std::less<Ogre::uint32>,std::allocator<std::pair<const Ogre::Font::CodePoint,Ogre::Font::GlyphInfo>>>' needs to have dll-interface to be used by clients of class 'Ogre::Font'
D:\SchoolAndProjects\Programs\ETGG 3802_01 Realtime Interactive Prog 2\Lab 1\OgreEngine\OgreEngine\dependencies\ogre1.12.2_vc2019_x64\include\OGRE\Overlay\OgreFont.h(158): message : see declaration of 'std::map<Ogre::Font::CodePoint,Ogre::Font::GlyphInfo,std::less<Ogre::uint32>,std::allocator<std::pair<const Ogre::Font::CodePoint,Ogre::Font::GlyphInfo>>>'
D:\SchoolAndProjects\Programs\ETGG 3802_01 Realtime Interactive Prog 2\Lab 1\OgreEngine\OgreEngine\dependencies\ogre1.12.2_vc2019_x64\include\OGRE\Overlay\OgreFont.h(162,30): warning C4251: 'Ogre::Font::mMaterial': class 'Ogre::SharedPtr<Ogre::Material>' needs to have dll-interface to be used by clients of class 'Ogre::Font'
D:\SchoolAndProjects\Programs\ETGG 3802_01 Realtime Interactive Prog 2\Lab 1\OgreEngine\OgreEngine\dependencies\ogre1.12.2_vc2019_x64\include\OGRE\OgrePrerequisites.h(295): message : see declaration of 'Ogre::SharedPtr<Ogre::Material>'
D:\SchoolAndProjects\Programs\ETGG 3802_01 Realtime Interactive Prog 2\Lab 1\OgreEngine\OgreEngine\dependencies\ogre1.12.2_vc2019_x64\include\OGRE\Overlay\OgreFont.h(165,28): warning C4251: 'Ogre::Font::mTexture': class 'Ogre::SharedPtr<Ogre::Texture>' needs to have dll-interface to be used by clients of class 'Ogre::Font'
D:\SchoolAndProjects\Programs\ETGG 3802_01 Realtime Interactive Prog 2\Lab 1\OgreEngine\OgreEngine\dependencies\ogre1.12.2_vc2019_x64\include\OGRE\OgrePrerequisites.h(303): message : see declaration of 'Ogre::SharedPtr<Ogre::Texture>'
D:\SchoolAndProjects\Programs\ETGG 3802_01 Realtime Interactive Prog 2\Lab 1\OgreEngine\OgreEngine\dependencies\ogre1.12.2_vc2019_x64\include\OGRE\Overlay\OgreFont.h(171,47): warning C4251: 'Ogre::Font::mCodePointRangeList': class 'std::vector<Ogre::Font::CodePointRange,std::allocator<Ogre::Font::CodePointRange>>' needs to have dll-interface to be used by clients of class 'Ogre::Font'
D:\SchoolAndProjects\Programs\ETGG 3802_01 Realtime Interactive Prog 2\Lab 1\OgreEngine\OgreEngine\dependencies\ogre1.12.2_vc2019_x64\include\OGRE\Overlay\OgreFont.h(155): message : see declaration of 'std::vector<Ogre::Font::CodePointRange,std::allocator<Ogre::Font::CodePointRange>>'
D:\SchoolAndProjects\Programs\ETGG 3802_01 Realtime Interactive Prog 2\Lab 1\OgreEngine\OgreEngine\dependencies\ogre1.12.2_vc2019_x64\include\OGRE\Overlay\OgreTextAreaOverlayElement.h(228,33): warning C4251: 'Ogre::TextAreaOverlayElement::msTypeName': class 'std::basic_string<char,std::char_traits<char>,std::allocator<char>>' needs to have dll-interface to be used by clients of class 'Ogre::TextAreaOverlayElement'
C:\Program Files (x86)\Microsoft Visual Studio\2019\Community\VC\Tools\MSVC\14.24.28314\include\xstring(4448): message : see declaration of 'std::basic_string<char,std::char_traits<char>,std::allocator<char>>'
D:\SchoolAndProjects\Programs\ETGG 3802_01 Realtime Interactive Prog 2\Lab 1\OgreEngine\OgreEngine\dependencies\ogre1.12.2_vc2019_x64\include\OGRE\Overlay\OgreTextAreaOverlayElement.h(231,45): warning C4251: 'Ogre::TextAreaOverlayElement::msCmdCharHeight': class 'Ogre::TextAreaOverlayElement::CmdCharHeight' needs to have dll-interface to be used by clients of class 'Ogre::TextAreaOverlayElement'
D:\SchoolAndProjects\Programs\ETGG 3802_01 Realtime Interactive Prog 2\Lab 1\OgreEngine\OgreEngine\dependencies\ogre1.12.2_vc2019_x64\include\OGRE\Overlay\OgreTextAreaOverlayElement.h(148): message : see declaration of 'Ogre::TextAreaOverlayElement::CmdCharHeight'
D:\SchoolAndProjects\Programs\ETGG 3802_01 Realtime Interactive Prog 2\Lab 1\OgreEngine\OgreEngine\dependencies\ogre1.12.2_vc2019_x64\include\OGRE\Overlay\OgreTextAreaOverlayElement.h(232,45): warning C4251: 'Ogre::TextAreaOverlayElement::msCmdSpaceWidth': class 'Ogre::TextAreaOverlayElement::CmdSpaceWidth' needs to have dll-interface to be used by clients of class 'Ogre::TextAreaOverlayElement'
D:\SchoolAndProjects\Programs\ETGG 3802_01 Realtime Interactive Prog 2\Lab 1\OgreEngine\OgreEngine\dependencies\ogre1.12.2_vc2019_x64\include\OGRE\Overlay\OgreTextAreaOverlayElement.h(158): message : see declaration of 'Ogre::TextAreaOverlayElement::CmdSpaceWidth'
D:\SchoolAndProjects\Programs\ETGG 3802_01 Realtime Interactive Prog 2\Lab 1\OgreEngine\OgreEngine\dependencies\ogre1.12.2_vc2019_x64\include\OGRE\Overlay\OgreTextAreaOverlayElement.h(233,41): warning C4251: 'Ogre::TextAreaOverlayElement::msCmdFontName': class 'Ogre::TextAreaOverlayElement::CmdFontName' needs to have dll-interface to be used by clients of class 'Ogre::TextAreaOverlayElement'
D:\SchoolAndProjects\Programs\ETGG 3802_01 Realtime Interactive Prog 2\Lab 1\OgreEngine\OgreEngine\dependencies\ogre1.12.2_vc2019_x64\include\OGRE\Overlay\OgreTextAreaOverlayElement.h(168): message : see declaration of 'Ogre::TextAreaOverlayElement::CmdFontName'
D:\SchoolAndProjects\Programs\ETGG 3802_01 Realtime Interactive Prog 2\Lab 1\OgreEngine\OgreEngine\dependencies\ogre1.12.2_vc2019_x64\include\OGRE\Overlay\OgreTextAreaOverlayElement.h(234,37): warning C4251: 'Ogre::TextAreaOverlayElement::msCmdColour': class 'Ogre::TextAreaOverlayElement::CmdColour' needs to have dll-interface to be used by clients of class 'Ogre::TextAreaOverlayElement'
D:\SchoolAndProjects\Programs\ETGG 3802_01 Realtime Interactive Prog 2\Lab 1\OgreEngine\OgreEngine\dependencies\ogre1.12.2_vc2019_x64\include\OGRE\Overlay\OgreTextAreaOverlayElement.h(198): message : see declaration of 'Ogre::TextAreaOverlayElement::CmdColour'
D:\SchoolAndProjects\Programs\ETGG 3802_01 Realtime Interactive Prog 2\Lab 1\OgreEngine\OgreEngine\dependencies\ogre1.12.2_vc2019_x64\include\OGRE\Overlay\OgreTextAreaOverlayElement.h(235,43): warning C4251: 'Ogre::TextAreaOverlayElement::msCmdColourTop': class 'Ogre::TextAreaOverlayElement::CmdColourTop' needs to have dll-interface to be used by clients of class 'Ogre::TextAreaOverlayElement'
D:\SchoolAndProjects\Programs\ETGG 3802_01 Realtime Interactive Prog 2\Lab 1\OgreEngine\OgreEngine\dependencies\ogre1.12.2_vc2019_x64\include\OGRE\Overlay\OgreTextAreaOverlayElement.h(178): message : see declaration of 'Ogre::TextAreaOverlayElement::CmdColourTop'
D:\SchoolAndProjects\Programs\ETGG 3802_01 Realtime Interactive Prog 2\Lab 1\OgreEngine\OgreEngine\dependencies\ogre1.12.2_vc2019_x64\include\OGRE\Overlay\OgreTextAreaOverlayElement.h(236,49): warning C4251: 'Ogre::TextAreaOverlayElement::msCmdColourBottom': class 'Ogre::TextAreaOverlayElement::CmdColourBottom' needs to have dll-interface to be used by clients of class 'Ogre::TextAreaOverlayElement'
D:\SchoolAndProjects\Programs\ETGG 3802_01 Realtime Interactive Prog 2\Lab 1\OgreEngine\OgreEngine\dependencies\ogre1.12.2_vc2019_x64\include\OGRE\Overlay\OgreTextAreaOverlayElement.h(188): message : see declaration of 'Ogre::TextAreaOverlayElement::CmdColourBottom'
D:\SchoolAndProjects\Programs\ETGG 3802_01 Realtime Interactive Prog 2\Lab 1\OgreEngine\OgreEngine\dependencies\ogre1.12.2_vc2019_x64\include\OGRE\Overlay\OgreTextAreaOverlayElement.h(237,43): warning C4251: 'Ogre::TextAreaOverlayElement::msCmdAlignment': class 'Ogre::TextAreaOverlayElement::CmdAlignment' needs to have dll-interface to be used by clients of class 'Ogre::TextAreaOverlayElement'
D:\SchoolAndProjects\Programs\ETGG 3802_01 Realtime Interactive Prog 2\Lab 1\OgreEngine\OgreEngine\dependencies\ogre1.12.2_vc2019_x64\include\OGRE\Overlay\OgreTextAreaOverlayElement.h(208): message : see declaration of 'Ogre::TextAreaOverlayElement::CmdAlignment'
D:\SchoolAndProjects\Programs\ETGG 3802_01 Realtime Interactive Prog 2\Lab 1\OgreEngine\OgreEngine\dependencies\ogre1.12.2_vc2019_x64\include\OGRE\Overlay\OgreTextAreaOverlayElement.h(240,22): warning C4251: 'Ogre::TextAreaOverlayElement::mFont': class 'Ogre::SharedPtr<Ogre::Font>' needs to have dll-interface to be used by clients of class 'Ogre::TextAreaOverlayElement'
D:\SchoolAndProjects\Programs\ETGG 3802_01 Realtime Interactive Prog 2\Lab 1\OgreEngine\OgreEngine\dependencies\ogre1.12.2_vc2019_x64\include\OGRE\Overlay\OgreFont.h(423): message : see declaration of 'Ogre::SharedPtr<Ogre::Font>'
D:\SchoolAndProjects\Programs\ETGG 3802_01 Realtime Interactive Prog 2\Lab 1\OgreEngine\OgreEngine\src\game_object_manager.cpp(5,51): warning C4356: 'OgreEngine::Singleton<OgreEngine::GameObjectManager>::msSingleton': static data member cannot be initialized via derived class
C:\Program Files (x86)\Microsoft Visual Studio\2019\Community\VC\Tools\MSVC\14.24.28314\include\xmemory(671,82): error C2664: 'std::pair<const std::string,std::map<std::string,OgreEngine::GameObject *,std::less<Ogre::String>,std::allocator<std::pair<const std::string,OgreEngine::GameObject *>>>>::pair(std::pair<const std::string,std::map<std::string,OgreEngine::GameObject *,std::less<Ogre::String>,std::allocator<std::pair<const std::string,OgreEngine::GameObject *>>>> &&)': cannot convert argument 2 from '_Ty' to 'const _Ty2 &'
          with
          [
              _Ty=std::pair<std::_Tree_iterator<std::_Tree_val<std::_Tree_simple_types<std::pair<const std::string,OgreEngine::GameObject *>>>>,bool>
          ]
          and
          [
              _Ty2=std::map<std::string,OgreEngine::GameObject *,std::less<Ogre::String>,std::allocator<std::pair<const std::string,OgreEngine::GameObject *>>>
          ]
C:\Program Files (x86)\Microsoft Visual Studio\2019\Community\VC\Tools\MSVC\14.24.28314\include\xmemory(670,1): message : Reason: cannot convert from '_Ty' to 'const _Ty2'
          with
          [
              _Ty=std::pair<std::_Tree_iterator<std::_Tree_val<std::_Tree_simple_types<std::pair<const std::string,OgreEngine::GameObject *>>>>,bool>
          ]
          and
          [
              _Ty2=std::map<std::string,OgreEngine::GameObject *,std::less<Ogre::String>,std::allocator<std::pair<const std::string,OgreEngine::GameObject *>>>
          ]
C:\Program Files (x86)\Microsoft Visual Studio\2019\Community\VC\Tools\MSVC\14.24.28314\include\xmemory(671,103): message : No user-defined-conversion operator available that can perform this conversion, or the operator cannot be called
C:\Program Files (x86)\Microsoft Visual Studio\2019\Community\VC\Tools\MSVC\14.24.28314\include\utility(118,5): message : see declaration of 'std::pair<const std::string,std::map<std::string,OgreEngine::GameObject *,std::less<Ogre::String>,std::allocator<std::pair<const std::string,OgreEngine::GameObject *>>>>::pair'
C:\Program Files (x86)\Microsoft Visual Studio\2019\Community\VC\Tools\MSVC\14.24.28314\include\xtree(805): message : see reference to function template instantiation 'void std::_Default_allocator_traits<_Alloc>::construct<_Ty,std::string&,std::pair<std::_Tree_iterator<std::_Tree_val<std::_Tree_simple_types<std::pair<const std::string,OgreEngine::GameObject *>>>>,bool>>(_Alloc &,_Objty *const ,std::string &,std::pair<std::_Tree_iterator<std::_Tree_val<std::_Tree_simple_types<std::pair<const std::string,OgreEngine::GameObject *>>>>,bool> &&)' being compiled
          with
          [
              _Alloc=std::allocator<std::_Tree_node<std::pair<const std::string,std::map<std::string,OgreEngine::GameObject *,std::less<Ogre::String>,std::allocator<std::pair<const std::string,OgreEngine::GameObject *>>>>,std::_Default_allocator_traits<std::allocator<std::pair<const std::string,std::map<std::string,OgreEngine::GameObject *,std::less<Ogre::String>,std::allocator<std::pair<const std::string,OgreEngine::GameObject *>>>>>>::void_pointer>>,
              _Ty=std::pair<const std::string,std::map<std::string,OgreEngine::GameObject *,std::less<Ogre::String>,std::allocator<std::pair<const std::string,OgreEngine::GameObject *>>>>,
              _Objty=std::pair<const std::string,std::map<std::string,OgreEngine::GameObject *,std::less<Ogre::String>,std::allocator<std::pair<const std::string,OgreEngine::GameObject *>>>>
          ]
C:\Program Files (x86)\Microsoft Visual Studio\2019\Community\VC\Tools\MSVC\14.24.28314\include\xtree(806): message : see reference to function template instantiation 'void std::_Default_allocator_traits<_Alloc>::construct<_Ty,std::string&,std::pair<std::_Tree_iterator<std::_Tree_val<std::_Tree_simple_types<std::pair<const std::string,OgreEngine::GameObject *>>>>,bool>>(_Alloc &,_Objty *const ,std::string &,std::pair<std::_Tree_iterator<std::_Tree_val<std::_Tree_simple_types<std::pair<const std::string,OgreEngine::GameObject *>>>>,bool> &&)' being compiled
          with
          [
              _Alloc=std::allocator<std::_Tree_node<std::pair<const std::string,std::map<std::string,OgreEngine::GameObject *,std::less<Ogre::String>,std::allocator<std::pair<const std::string,OgreEngine::GameObject *>>>>,std::_Default_allocator_traits<std::allocator<std::pair<const std::string,std::map<std::string,OgreEngine::GameObject *,std::less<Ogre::String>,std::allocator<std::pair<const std::string,OgreEngine::GameObject *>>>>>>::void_pointer>>,
              _Ty=std::pair<const std::string,std::map<std::string,OgreEngine::GameObject *,std::less<Ogre::String>,std::allocator<std::pair<const std::string,OgreEngine::GameObject *>>>>,
              _Objty=std::pair<const std::string,std::map<std::string,OgreEngine::GameObject *,std::less<Ogre::String>,std::allocator<std::pair<const std::string,OgreEngine::GameObject *>>>>
          ]
C:\Program Files (x86)\Microsoft Visual Studio\2019\Community\VC\Tools\MSVC\14.24.28314\include\xtree(998): message : see reference to function template instantiation 'std::_Tree_temp_node<std::allocator<std::_Tree_node<std::pair<const std::string,std::map<std::string,OgreEngine::GameObject *,std::less<Ogre::String>,std::allocator<std::pair<const std::string,OgreEngine::GameObject *>>>>,std::_Default_allocator_traits<_Alloc>::void_pointer>>>::_Tree_temp_node<std::string&,_Ty>(_Alnode &,std::_Tree_node<std::pair<const std::string,std::map<std::string,OgreEngine::GameObject *,std::less<Ogre::String>,std::allocator<std::pair<const std::string,OgreEngine::GameObject *>>>>,std::_Default_allocator_traits<_Alloc>::void_pointer> *,std::string &,_Ty &&)' being compiled
          with
          [
              _Alloc=std::allocator<std::pair<const std::string,std::map<std::string,OgreEngine::GameObject *,std::less<Ogre::String>,std::allocator<std::pair<const std::string,OgreEngine::GameObject *>>>>>,
              _Ty=std::pair<std::_Tree_iterator<std::_Tree_val<std::_Tree_simple_types<std::pair<const std::string,OgreEngine::GameObject *>>>>,bool>,
              _Alnode=std::allocator<std::_Tree_node<std::pair<const std::string,std::map<std::string,OgreEngine::GameObject *,std::less<Ogre::String>,std::allocator<std::pair<const std::string,OgreEngine::GameObject *>>>>,std::_Default_allocator_traits<std::allocator<std::pair<const std::string,std::map<std::string,OgreEngine::GameObject *,std::less<Ogre::String>,std::allocator<std::pair<const std::string,OgreEngine::GameObject *>>>>>>::void_pointer>>
          ]
C:\Program Files (x86)\Microsoft Visual Studio\2019\Community\VC\Tools\MSVC\14.24.28314\include\xtree(1011): message : see reference to function template instantiation 'std::_Tree_temp_node<std::allocator<std::_Tree_node<std::pair<const std::string,std::map<std::string,OgreEngine::GameObject *,std::less<Ogre::String>,std::allocator<std::pair<const std::string,OgreEngine::GameObject *>>>>,std::_Default_allocator_traits<_Alloc>::void_pointer>>>::_Tree_temp_node<std::string&,_Ty>(_Alnode &,std::_Tree_node<std::pair<const std::string,std::map<std::string,OgreEngine::GameObject *,std::less<Ogre::String>,std::allocator<std::pair<const std::string,OgreEngine::GameObject *>>>>,std::_Default_allocator_traits<_Alloc>::void_pointer> *,std::string &,_Ty &&)' being compiled
          with
          [
              _Alloc=std::allocator<std::pair<const std::string,std::map<std::string,OgreEngine::GameObject *,std::less<Ogre::String>,std::allocator<std::pair<const std::string,OgreEngine::GameObject *>>>>>,
              _Ty=std::pair<std::_Tree_iterator<std::_Tree_val<std::_Tree_simple_types<std::pair<const std::string,OgreEngine::GameObject *>>>>,bool>,
              _Alnode=std::allocator<std::_Tree_node<std::pair<const std::string,std::map<std::string,OgreEngine::GameObject *,std::less<Ogre::String>,std::allocator<std::pair<const std::string,OgreEngine::GameObject *>>>>,std::_Default_allocator_traits<std::allocator<std::pair<const std::string,std::map<std::string,OgreEngine::GameObject *,std::less<Ogre::String>,std::allocator<std::pair<const std::string,OgreEngine::GameObject *>>>>>>::void_pointer>>
          ]
C:\Program Files (x86)\Microsoft Visual Studio\2019\Community\VC\Tools\MSVC\14.24.28314\include\xtree(1092): message : see reference to function template instantiation 'std::pair<std::_Tree_node<std::pair<const std::string,std::map<std::string,OgreEngine::GameObject *,std::less<Ogre::String>,std::allocator<std::pair<const std::string,OgreEngine::GameObject *>>>>,std::_Default_allocator_traits<_Alloc>::void_pointer> *,bool> std::_Tree<std::_Tmap_traits<_Kty,_Ty,_Pr,_Alloc,false>>::_Emplace<std::string&,std::pair<std::_Tree_iterator<std::_Tree_val<std::_Tree_simple_types<std::pair<const std::string,OgreEngine::GameObject *>>>>,bool>>(std::string &,std::pair<std::_Tree_iterator<std::_Tree_val<std::_Tree_simple_types<std::pair<const std::string,OgreEngine::GameObject *>>>>,bool> &&)' being compiled
          with
          [
              _Alloc=std::allocator<std::pair<const std::string,std::map<std::string,OgreEngine::GameObject *,std::less<Ogre::String>,std::allocator<std::pair<const std::string,OgreEngine::GameObject *>>>>>,
              _Kty=std::string,
              _Ty=std::map<std::string,OgreEngine::GameObject *,std::less<Ogre::String>,std::allocator<std::pair<const std::string,OgreEngine::GameObject *>>>,
              _Pr=std::less<Ogre::String>
          ]
C:\Program Files (x86)\Microsoft Visual Studio\2019\Community\VC\Tools\MSVC\14.24.28314\include\xtree(1093): message : see reference to function template instantiation 'std::pair<std::_Tree_node<std::pair<const std::string,std::map<std::string,OgreEngine::GameObject *,std::less<Ogre::String>,std::allocator<std::pair<const std::string,OgreEngine::GameObject *>>>>,std::_Default_allocator_traits<_Alloc>::void_pointer> *,bool> std::_Tree<std::_Tmap_traits<_Kty,_Ty,_Pr,_Alloc,false>>::_Emplace<std::string&,std::pair<std::_Tree_iterator<std::_Tree_val<std::_Tree_simple_types<std::pair<const std::string,OgreEngine::GameObject *>>>>,bool>>(std::string &,std::pair<std::_Tree_iterator<std::_Tree_val<std::_Tree_simple_types<std::pair<const std::string,OgreEngine::GameObject *>>>>,bool> &&)' being compiled
          with
          [
              _Alloc=std::allocator<std::pair<const std::string,std::map<std::string,OgreEngine::GameObject *,std::less<Ogre::String>,std::allocator<std::pair<const std::string,OgreEngine::GameObject *>>>>>,
              _Kty=std::string,
              _Ty=std::map<std::string,OgreEngine::GameObject *,std::less<Ogre::String>,std::allocator<std::pair<const std::string,OgreEngine::GameObject *>>>,
              _Pr=std::less<Ogre::String>
          ]
D:\SchoolAndProjects\Programs\ETGG 3802_01 Realtime Interactive Prog 2\Lab 1\OgreEngine\OgreEngine\src\game_object_manager.cpp(183): message : see reference to function template instantiation 'std::pair<std::_Tree_iterator<std::_Tree_val<std::_Tree_simple_types<std::pair<const std::string,std::map<std::string,OgreEngine::GameObject *,std::less<Ogre::String>,std::allocator<std::pair<const std::string,OgreEngine::GameObject *>>>>>>>,bool> std::_Tree<std::_Tmap_traits<_Kty,_Ty,_Pr,_Alloc,false>>::emplace<std::string&,std::pair<std::_Tree_iterator<std::_Tree_val<std::_Tree_simple_types<std::pair<const std::string,OgreEngine::GameObject *>>>>,bool>>(std::string &,std::pair<std::_Tree_iterator<std::_Tree_val<std::_Tree_simple_types<std::pair<const std::string,OgreEngine::GameObject *>>>>,bool> &&)' being compiled
          with
          [
              _Kty=std::string,
              _Ty=std::map<std::string,OgreEngine::GameObject *,std::less<Ogre::String>,std::allocator<std::pair<const std::string,OgreEngine::GameObject *>>>,
              _Pr=std::less<Ogre::String>,
              _Alloc=std::allocator<std::pair<const std::string,std::map<std::string,OgreEngine::GameObject *,std::less<Ogre::String>,std::allocator<std::pair<const std::string,OgreEngine::GameObject *>>>>>
          ]
D:\SchoolAndProjects\Programs\ETGG 3802_01 Realtime Interactive Prog 2\Lab 1\OgreEngine\OgreEngine\src\game_object_manager.cpp(183): message : see reference to function template instantiation 'std::pair<std::_Tree_iterator<std::_Tree_val<std::_Tree_simple_types<std::pair<const std::string,std::map<std::string,OgreEngine::GameObject *,std::less<Ogre::String>,std::allocator<std::pair<const std::string,OgreEngine::GameObject *>>>>>>>,bool> std::_Tree<std::_Tmap_traits<_Kty,_Ty,_Pr,_Alloc,false>>::emplace<std::string&,std::pair<std::_Tree_iterator<std::_Tree_val<std::_Tree_simple_types<std::pair<const std::string,OgreEngine::GameObject *>>>>,bool>>(std::string &,std::pair<std::_Tree_iterator<std::_Tree_val<std::_Tree_simple_types<std::pair<const std::string,OgreEngine::GameObject *>>>>,bool> &&)' being compiled
          with
          [
              _Kty=std::string,
              _Ty=std::map<std::string,OgreEngine::GameObject *,std::less<Ogre::String>,std::allocator<std::pair<const std::string,OgreEngine::GameObject *>>>,
              _Pr=std::less<Ogre::String>,
              _Alloc=std::allocator<std::pair<const std::string,std::map<std::string,OgreEngine::GameObject *,std::less<Ogre::String>,std::allocator<std::pair<const std::string,OgreEngine::GameObject *>>>>>
          ]
C:\Program Files (x86)\Microsoft Visual Studio\2019\Community\VC\Tools\MSVC\14.24.28314\include\chrono(632): message : see reference to class template instantiation 'std::chrono::duration<double,std::ratio<1,1>>' being compiled
C:\Program Files (x86)\Microsoft Visual Studio\2019\Community\VC\Tools\MSVC\14.24.28314\include\chrono(178): message : see reference to class template instantiation 'std::chrono::duration<__int64,std::nano>' being compiled
C:\Program Files (x86)\Microsoft Visual Studio\2019\Community\VC\Tools\MSVC\14.24.28314\include\chrono(610): message : see reference to class template instantiation 'std::chrono::time_point<std::chrono::steady_clock,std::chrono::nanoseconds>' being compiled
