12:59:50: Creating resource group General
12:59:50: Creating resource group Internal
12:59:50: Creating resource group Autodetect
12:59:50: Registering ResourceManager for type Mesh
12:59:50: Registering ResourceManager for type Material
12:59:50: Registering ResourceManager for type Skeleton
12:59:50: XMLMeshSerializer reading mesh data from D:\2020sp\etgg3802\labs\my_soln_lab09\bin\Media\core_media\ColliderCube.mesh.xml...
12:59:50: Reading geometry...
12:59:50: Geometry done...
12:59:50: Reading submeshes...
12:59:50: Submeshes done.
12:59:50: Reading mesh names...
12:59:50: Mesh names done.
12:59:50: XMLMeshSerializer import successful.
12:59:50: MeshSerializer writing mesh data to stream ...
12:59:50: File header written.
12:59:50: Writing mesh data...
12:59:50: Writing submesh...
12:59:50: Exporting submesh texture aliases...
12:59:50: Submesh texture aliases exported.
12:59:50: Submesh exported.
12:59:50: Exporting bounds information....
12:59:50: Bounds information exported.
12:59:50: Exporting submesh name table...
12:59:50: Submesh name table exported.
12:59:50: Mesh data exported.
12:59:50: MeshSerializer export successful.
12:59:50: Unregistering ResourceManager for type Skeleton
12:59:50: Unregistering ResourceManager for type Material
12:59:50: Unregistering ResourceManager for type Mesh
