13:01:02: Creating resource group General
13:01:02: Creating resource group Internal
13:01:02: Creating resource group Autodetect
13:01:02: Registering ResourceManager for type Mesh
13:01:02: Registering ResourceManager for type Material
13:01:02: Registering ResourceManager for type Skeleton
13:01:02: XMLMeshSerializer reading mesh data from D:\2020sp\etgg3802\labs\my_soln_lab09\bin\Media\invader_media\Ship.mesh.xml...
13:01:02: Reading geometry...
13:01:02: Geometry done...
13:01:02: Reading submeshes...
13:01:02: Submeshes done.
13:01:02: Reading mesh names...
13:01:02: Mesh names done.
13:01:02: XMLMeshSerializer import successful.
13:01:02: Reorganising vertex buffers to automatic layout...
13:01:02: MeshSerializer writing mesh data to stream ...
13:01:02: File header written.
13:01:02: Writing mesh data...
13:01:02: Writing submesh...
13:01:02: Exporting submesh texture aliases...
13:01:02: Submesh texture aliases exported.
13:01:02: Submesh exported.
13:01:02: Exporting bounds information....
13:01:02: Bounds information exported.
13:01:02: Exporting submesh name table...
13:01:02: Submesh name table exported.
13:01:02: Mesh data exported.
13:01:02: MeshSerializer export successful.
13:01:02: Unregistering ResourceManager for type Skeleton
13:01:02: Unregistering ResourceManager for type Material
13:01:02: Unregistering ResourceManager for type Mesh
